[0.296s] DEBUG:colcon:Command line arguments: ['/usr/bin/colcon', 'build']
[0.296s] DEBUG:colcon:Parsed command line arguments: Namespace(allow_overriding=[], ament_cmake_args=None, base_paths=['.'], build_base='build', catkin_cmake_args=None, catkin_skip_building_tests=False, cmake_args=None, cmake_clean_cache=False, cmake_clean_first=False, cmake_force_configure=False, cmake_target=None, cmake_target_skip_unavailable=False, continue_on_error=False, event_handlers=None, executor='parallel', ignore_user_meta=False, install_base='install', log_base=None, log_level=None, main=<bound method BuildVerb.main of <colcon_core.verb.build.BuildVerb object at 0x7fde236e5370>>, merge_install=False, metas=['./colcon.meta'], mixin=None, mixin_files=None, mixin_verb=('build',), packages_above=None, packages_above_and_dependencies=None, packages_above_depth=None, packages_end=None, packages_ignore=None, packages_ignore_regex=None, packages_select=None, packages_select_build_failed=False, packages_select_by_dep=None, packages_select_regex=None, packages_select_test_failures=False, packages_skip=None, packages_skip_build_finished=False, packages_skip_by_dep=None, packages_skip_regex=None, packages_skip_test_passed=False, packages_skip_up_to=None, packages_start=None, packages_up_to=None, packages_up_to_regex=None, parallel_workers=12, paths=None, symlink_install=False, test_result_base=None, verb_extension=<colcon_core.verb.build.BuildVerb object at 0x7fde236e5370>, verb_name='build', verb_parser=<colcon_mixin.mixin.mixin_argument.MixinArgumentDecorator object at 0x7fde236e5850>)
[0.408s] Level 1:colcon.colcon_core.package_discovery:discover_packages(colcon_meta) check parameters
[0.408s] Level 1:colcon.colcon_core.package_discovery:discover_packages(recursive) check parameters
[0.408s] Level 1:colcon.colcon_core.package_discovery:discover_packages(ignore) check parameters
[0.408s] Level 1:colcon.colcon_core.package_discovery:discover_packages(path) check parameters
[0.408s] Level 1:colcon.colcon_core.package_discovery:discover_packages(colcon_meta) discover
[0.408s] Level 1:colcon.colcon_core.package_discovery:discover_packages(recursive) discover
[0.408s] INFO:colcon.colcon_core.package_discovery:Crawling recursively for packages in '/home/vboxuser/liorf-ros2'
[0.408s] Level 1:colcon.colcon_core.package_identification:_identify(.) by extensions ['ignore', 'ignore_ament_install']
[0.408s] Level 1:colcon.colcon_core.package_identification:_identify(.) by extension 'ignore'
[0.408s] Level 1:colcon.colcon_core.package_identification:_identify(.) by extension 'ignore_ament_install'
[0.408s] Level 1:colcon.colcon_core.package_identification:_identify(.) by extensions ['colcon_pkg']
[0.408s] Level 1:colcon.colcon_core.package_identification:_identify(.) by extension 'colcon_pkg'
[0.408s] Level 1:colcon.colcon_core.package_identification:_identify(.) by extensions ['colcon_meta']
[0.408s] Level 1:colcon.colcon_core.package_identification:_identify(.) by extension 'colcon_meta'
[0.409s] Level 1:colcon.colcon_core.package_identification:_identify(.) by extensions ['ros']
[0.409s] Level 1:colcon.colcon_core.package_identification:_identify(.) by extension 'ros'
[0.419s] Level 1:colcon.colcon_core.package_identification:_identify(.) by extensions ['cmake', 'python']
[0.419s] Level 1:colcon.colcon_core.package_identification:_identify(.) by extension 'cmake'
[0.419s] Level 1:colcon.colcon_core.package_identification:_identify(.) by extension 'python'
[0.419s] Level 1:colcon.colcon_core.package_identification:_identify(.) by extensions ['python_setup_py']
[0.419s] Level 1:colcon.colcon_core.package_identification:_identify(.) by extension 'python_setup_py'
[0.419s] Level 1:colcon.colcon_core.package_identification:_identify(build) by extensions ['ignore', 'ignore_ament_install']
[0.420s] Level 1:colcon.colcon_core.package_identification:_identify(build) by extension 'ignore'
[0.420s] Level 1:colcon.colcon_core.package_identification:_identify(build) ignored
[0.420s] Level 1:colcon.colcon_core.package_identification:_identify(install) by extensions ['ignore', 'ignore_ament_install']
[0.420s] Level 1:colcon.colcon_core.package_identification:_identify(install) by extension 'ignore'
[0.420s] Level 1:colcon.colcon_core.package_identification:_identify(install) ignored
[0.420s] Level 1:colcon.colcon_core.package_identification:_identify(log) by extensions ['ignore', 'ignore_ament_install']
[0.420s] Level 1:colcon.colcon_core.package_identification:_identify(log) by extension 'ignore'
[0.420s] Level 1:colcon.colcon_core.package_identification:_identify(log) ignored
[0.420s] Level 1:colcon.colcon_core.package_identification:_identify(src) by extensions ['ignore', 'ignore_ament_install']
[0.420s] Level 1:colcon.colcon_core.package_identification:_identify(src) by extension 'ignore'
[0.420s] Level 1:colcon.colcon_core.package_identification:_identify(src) by extension 'ignore_ament_install'
[0.420s] Level 1:colcon.colcon_core.package_identification:_identify(src) by extensions ['colcon_pkg']
[0.420s] Level 1:colcon.colcon_core.package_identification:_identify(src) by extension 'colcon_pkg'
[0.420s] Level 1:colcon.colcon_core.package_identification:_identify(src) by extensions ['colcon_meta']
[0.420s] Level 1:colcon.colcon_core.package_identification:_identify(src) by extension 'colcon_meta'
[0.420s] Level 1:colcon.colcon_core.package_identification:_identify(src) by extensions ['ros']
[0.420s] Level 1:colcon.colcon_core.package_identification:_identify(src) by extension 'ros'
[0.420s] Level 1:colcon.colcon_core.package_identification:_identify(src) by extensions ['cmake', 'python']
[0.420s] Level 1:colcon.colcon_core.package_identification:_identify(src) by extension 'cmake'
[0.420s] Level 1:colcon.colcon_core.package_identification:_identify(src) by extension 'python'
[0.420s] Level 1:colcon.colcon_core.package_identification:_identify(src) by extensions ['python_setup_py']
[0.420s] Level 1:colcon.colcon_core.package_identification:_identify(src) by extension 'python_setup_py'
[0.420s] Level 1:colcon.colcon_core.package_identification:_identify(src/liorf) by extensions ['ignore', 'ignore_ament_install']
[0.420s] Level 1:colcon.colcon_core.package_identification:_identify(src/liorf) by extension 'ignore'
[0.420s] Level 1:colcon.colcon_core.package_identification:_identify(src/liorf) by extension 'ignore_ament_install'
[0.420s] Level 1:colcon.colcon_core.package_identification:_identify(src/liorf) by extensions ['colcon_pkg']
[0.420s] Level 1:colcon.colcon_core.package_identification:_identify(src/liorf) by extension 'colcon_pkg'
[0.420s] Level 1:colcon.colcon_core.package_identification:_identify(src/liorf) by extensions ['colcon_meta']
[0.420s] Level 1:colcon.colcon_core.package_identification:_identify(src/liorf) by extension 'colcon_meta'
[0.420s] Level 1:colcon.colcon_core.package_identification:_identify(src/liorf) by extensions ['ros']
[0.420s] Level 1:colcon.colcon_core.package_identification:_identify(src/liorf) by extension 'ros'
[0.424s] DEBUG:colcon.colcon_core.package_identification:Package 'src/liorf' with type 'ros.ament_cmake' and name 'liorf'
[0.424s] Level 1:colcon.colcon_core.package_discovery:discover_packages(recursive) using defaults
[0.424s] Level 1:colcon.colcon_core.package_discovery:discover_packages(ignore) discover
[0.424s] Level 1:colcon.colcon_core.package_discovery:discover_packages(ignore) using defaults
[0.424s] Level 1:colcon.colcon_core.package_discovery:discover_packages(path) discover
[0.424s] Level 1:colcon.colcon_core.package_discovery:discover_packages(path) using defaults
[0.441s] Level 1:colcon.colcon_core.package_discovery:discover_packages(prefix_path) check parameters
[0.442s] Level 1:colcon.colcon_core.package_discovery:discover_packages(prefix_path) discover
[0.444s] DEBUG:colcon.colcon_installed_package_information.package_discovery:Found 1 installed packages in /home/vboxuser/liorf-ros2/install
[0.445s] DEBUG:colcon.colcon_installed_package_information.package_discovery:Found 256 installed packages in /opt/ros/foxy
[0.446s] Level 1:colcon.colcon_core.package_discovery:discover_packages(prefix_path) using defaults
[0.535s] Level 5:colcon.colcon_core.verb:set package 'liorf' build argument 'cmake_args' from command line to 'None'
[0.535s] Level 5:colcon.colcon_core.verb:set package 'liorf' build argument 'cmake_target' from command line to 'None'
[0.535s] Level 5:colcon.colcon_core.verb:set package 'liorf' build argument 'cmake_target_skip_unavailable' from command line to 'False'
[0.535s] Level 5:colcon.colcon_core.verb:set package 'liorf' build argument 'cmake_clean_cache' from command line to 'False'
[0.535s] Level 5:colcon.colcon_core.verb:set package 'liorf' build argument 'cmake_clean_first' from command line to 'False'
[0.535s] Level 5:colcon.colcon_core.verb:set package 'liorf' build argument 'cmake_force_configure' from command line to 'False'
[0.535s] Level 5:colcon.colcon_core.verb:set package 'liorf' build argument 'ament_cmake_args' from command line to 'None'
[0.535s] Level 5:colcon.colcon_core.verb:set package 'liorf' build argument 'catkin_cmake_args' from command line to 'None'
[0.535s] Level 5:colcon.colcon_core.verb:set package 'liorf' build argument 'catkin_skip_building_tests' from command line to 'False'
[0.535s] DEBUG:colcon.colcon_core.verb:Building package 'liorf' with the following arguments: {'ament_cmake_args': None, 'build_base': '/home/vboxuser/liorf-ros2/build/liorf', 'catkin_cmake_args': None, 'catkin_skip_building_tests': False, 'cmake_args': None, 'cmake_clean_cache': False, 'cmake_clean_first': False, 'cmake_force_configure': False, 'cmake_target': None, 'cmake_target_skip_unavailable': False, 'install_base': '/home/vboxuser/liorf-ros2/install/liorf', 'merge_install': False, 'path': '/home/vboxuser/liorf-ros2/src/liorf', 'symlink_install': False, 'test_result_base': None}
[0.535s] INFO:colcon.colcon_core.executor:Executing jobs using 'parallel' executor
[0.536s] DEBUG:colcon.colcon_parallel_executor.executor.parallel:run_until_complete
[0.536s] INFO:colcon.colcon_ros.task.ament_cmake.build:Building ROS package in '/home/vboxuser/liorf-ros2/src/liorf' with build type 'ament_cmake'
[0.536s] INFO:colcon.colcon_cmake.task.cmake.build:Building CMake package in '/home/vboxuser/liorf-ros2/src/liorf'
[0.544s] INFO:colcon.colcon_core.plugin_system:Skipping extension 'colcon_core.shell.bat': Not used on non-Windows systems
[0.544s] INFO:colcon.colcon_core.shell:Skip shell extension 'powershell' for command environment: Not usable outside of PowerShell
[0.544s] DEBUG:colcon.colcon_core.shell:Skip shell extension 'dsv' for command environment
[0.552s] DEBUG:colcon.colcon_core.event_handler.log_command:Invoking command in '/home/vboxuser/liorf-ros2/build/liorf': CMAKE_PREFIX_PATH=/opt/ros/foxy /usr/bin/cmake --build /home/vboxuser/liorf-ros2/build/liorf -- -j12 -l12
[47.354s] DEBUG:colcon.colcon_core.event_handler.log_command:Invoked command in '/home/vboxuser/liorf-ros2/build/liorf' returned '0': CMAKE_PREFIX_PATH=/opt/ros/foxy /usr/bin/cmake --build /home/vboxuser/liorf-ros2/build/liorf -- -j12 -l12
[47.365s] DEBUG:colcon.colcon_core.event_handler.log_command:Invoking command in '/home/vboxuser/liorf-ros2/build/liorf': CMAKE_PREFIX_PATH=/opt/ros/foxy /usr/bin/cmake --install /home/vboxuser/liorf-ros2/build/liorf
[47.556s] Level 1:colcon.colcon_core.environment:create_environment_scripts_only(liorf)
[47.556s] DEBUG:colcon.colcon_core.event_handler.log_command:Invoked command in '/home/vboxuser/liorf-ros2/build/liorf' returned '0': CMAKE_PREFIX_PATH=/opt/ros/foxy /usr/bin/cmake --install /home/vboxuser/liorf-ros2/build/liorf
[47.557s] Level 1:colcon.colcon_core.environment:checking '/home/vboxuser/liorf-ros2/install/liorf' for CMake module files
[47.558s] Level 1:colcon.colcon_core.environment:checking '/home/vboxuser/liorf-ros2/install/liorf' for CMake config files
[47.558s] Level 1:colcon.colcon_core.shell:create_environment_hook('liorf', 'cmake_prefix_path')
[47.558s] INFO:colcon.colcon_core.shell:Creating environment hook '/home/vboxuser/liorf-ros2/install/liorf/share/liorf/hook/cmake_prefix_path.ps1'
[47.559s] INFO:colcon.colcon_core.shell:Creating environment descriptor '/home/vboxuser/liorf-ros2/install/liorf/share/liorf/hook/cmake_prefix_path.dsv'
[47.560s] INFO:colcon.colcon_core.shell:Creating environment hook '/home/vboxuser/liorf-ros2/install/liorf/share/liorf/hook/cmake_prefix_path.sh'
[47.561s] Level 1:colcon.colcon_core.environment:checking '/home/vboxuser/liorf-ros2/install/liorf/lib'
[47.561s] Level 1:colcon.colcon_core.shell:create_environment_hook('liorf', 'ld_library_path_lib')
[47.561s] INFO:colcon.colcon_core.shell:Creating environment hook '/home/vboxuser/liorf-ros2/install/liorf/share/liorf/hook/ld_library_path_lib.ps1'
[47.561s] INFO:colcon.colcon_core.shell:Creating environment descriptor '/home/vboxuser/liorf-ros2/install/liorf/share/liorf/hook/ld_library_path_lib.dsv'
[47.561s] INFO:colcon.colcon_core.shell:Creating environment hook '/home/vboxuser/liorf-ros2/install/liorf/share/liorf/hook/ld_library_path_lib.sh'
[47.561s] Level 1:colcon.colcon_core.environment:checking '/home/vboxuser/liorf-ros2/install/liorf/bin'
[47.561s] Level 1:colcon.colcon_core.environment:checking '/home/vboxuser/liorf-ros2/install/liorf/lib/pkgconfig/liorf.pc'
[47.562s] Level 1:colcon.colcon_core.environment:checking '/home/vboxuser/liorf-ros2/install/liorf/lib/python3.8/site-packages'
[47.562s] Level 1:colcon.colcon_core.shell:create_environment_hook('liorf', 'pythonpath')
[47.562s] INFO:colcon.colcon_core.shell:Creating environment hook '/home/vboxuser/liorf-ros2/install/liorf/share/liorf/hook/pythonpath.ps1'
[47.562s] INFO:colcon.colcon_core.shell:Creating environment descriptor '/home/vboxuser/liorf-ros2/install/liorf/share/liorf/hook/pythonpath.dsv'
[47.562s] INFO:colcon.colcon_core.shell:Creating environment hook '/home/vboxuser/liorf-ros2/install/liorf/share/liorf/hook/pythonpath.sh'
[47.562s] Level 1:colcon.colcon_core.environment:checking '/home/vboxuser/liorf-ros2/install/liorf/bin'
[47.563s] INFO:colcon.colcon_core.shell:Creating package script '/home/vboxuser/liorf-ros2/install/liorf/share/liorf/package.ps1'
[47.563s] INFO:colcon.colcon_core.shell:Creating package descriptor '/home/vboxuser/liorf-ros2/install/liorf/share/liorf/package.dsv'
[47.563s] INFO:colcon.colcon_core.shell:Creating package script '/home/vboxuser/liorf-ros2/install/liorf/share/liorf/package.sh'
[47.564s] INFO:colcon.colcon_core.shell:Creating package script '/home/vboxuser/liorf-ros2/install/liorf/share/liorf/package.bash'
[47.564s] INFO:colcon.colcon_core.shell:Creating package script '/home/vboxuser/liorf-ros2/install/liorf/share/liorf/package.zsh'
[47.565s] Level 1:colcon.colcon_core.environment:create_file_with_runtime_dependencies(/home/vboxuser/liorf-ros2/install/liorf/share/colcon-core/packages/liorf)
[47.565s] Level 1:colcon.colcon_core.environment:create_environment_scripts_only(liorf)
[47.565s] Level 1:colcon.colcon_core.environment:checking '/home/vboxuser/liorf-ros2/install/liorf' for CMake module files
[47.566s] Level 1:colcon.colcon_core.environment:checking '/home/vboxuser/liorf-ros2/install/liorf' for CMake config files
[47.566s] Level 1:colcon.colcon_core.shell:create_environment_hook('liorf', 'cmake_prefix_path')
[47.566s] INFO:colcon.colcon_core.shell:Creating environment hook '/home/vboxuser/liorf-ros2/install/liorf/share/liorf/hook/cmake_prefix_path.ps1'
[47.566s] INFO:colcon.colcon_core.shell:Creating environment descriptor '/home/vboxuser/liorf-ros2/install/liorf/share/liorf/hook/cmake_prefix_path.dsv'
[47.566s] INFO:colcon.colcon_core.shell:Creating environment hook '/home/vboxuser/liorf-ros2/install/liorf/share/liorf/hook/cmake_prefix_path.sh'
[47.567s] Level 1:colcon.colcon_core.environment:checking '/home/vboxuser/liorf-ros2/install/liorf/lib'
[47.567s] Level 1:colcon.colcon_core.shell:create_environment_hook('liorf', 'ld_library_path_lib')
[47.567s] INFO:colcon.colcon_core.shell:Creating environment hook '/home/vboxuser/liorf-ros2/install/liorf/share/liorf/hook/ld_library_path_lib.ps1'
[47.567s] INFO:colcon.colcon_core.shell:Creating environment descriptor '/home/vboxuser/liorf-ros2/install/liorf/share/liorf/hook/ld_library_path_lib.dsv'
[47.568s] INFO:colcon.colcon_core.shell:Creating environment hook '/home/vboxuser/liorf-ros2/install/liorf/share/liorf/hook/ld_library_path_lib.sh'
[47.568s] Level 1:colcon.colcon_core.environment:checking '/home/vboxuser/liorf-ros2/install/liorf/bin'
[47.568s] Level 1:colcon.colcon_core.environment:checking '/home/vboxuser/liorf-ros2/install/liorf/lib/pkgconfig/liorf.pc'
[47.568s] Level 1:colcon.colcon_core.environment:checking '/home/vboxuser/liorf-ros2/install/liorf/lib/python3.8/site-packages'
[47.568s] Level 1:colcon.colcon_core.shell:create_environment_hook('liorf', 'pythonpath')
[47.568s] INFO:colcon.colcon_core.shell:Creating environment hook '/home/vboxuser/liorf-ros2/install/liorf/share/liorf/hook/pythonpath.ps1'
[47.568s] INFO:colcon.colcon_core.shell:Creating environment descriptor '/home/vboxuser/liorf-ros2/install/liorf/share/liorf/hook/pythonpath.dsv'
[47.569s] INFO:colcon.colcon_core.shell:Creating environment hook '/home/vboxuser/liorf-ros2/install/liorf/share/liorf/hook/pythonpath.sh'
[47.569s] Level 1:colcon.colcon_core.environment:checking '/home/vboxuser/liorf-ros2/install/liorf/bin'
[47.569s] INFO:colcon.colcon_core.shell:Creating package script '/home/vboxuser/liorf-ros2/install/liorf/share/liorf/package.ps1'
[47.569s] INFO:colcon.colcon_core.shell:Creating package descriptor '/home/vboxuser/liorf-ros2/install/liorf/share/liorf/package.dsv'
[47.570s] INFO:colcon.colcon_core.shell:Creating package script '/home/vboxuser/liorf-ros2/install/liorf/share/liorf/package.sh'
[47.570s] INFO:colcon.colcon_core.shell:Creating package script '/home/vboxuser/liorf-ros2/install/liorf/share/liorf/package.bash'
[47.570s] INFO:colcon.colcon_core.shell:Creating package script '/home/vboxuser/liorf-ros2/install/liorf/share/liorf/package.zsh'
[47.571s] Level 1:colcon.colcon_core.environment:create_file_with_runtime_dependencies(/home/vboxuser/liorf-ros2/install/liorf/share/colcon-core/packages/liorf)
[47.571s] DEBUG:colcon.colcon_parallel_executor.executor.parallel:closing loop
[47.571s] DEBUG:colcon.colcon_parallel_executor.executor.parallel:loop closed
[47.571s] DEBUG:colcon.colcon_parallel_executor.executor.parallel:run_until_complete finished with '0'
[47.571s] DEBUG:colcon.colcon_core.event_reactor:joining thread
[47.575s] INFO:colcon.colcon_core.plugin_system:Skipping extension 'colcon_notification.desktop_notification.terminal_notifier': Not used on non-Darwin systems
[47.575s] INFO:colcon.colcon_core.plugin_system:Skipping extension 'colcon_notification.desktop_notification.win32': Not used on non-Windows systems
[47.575s] INFO:colcon.colcon_notification.desktop_notification:Sending desktop notification using 'notify2'
[47.589s] DEBUG:colcon.colcon_core.event_reactor:joined thread
[47.589s] INFO:colcon.colcon_core.shell:Creating prefix script '/home/vboxuser/liorf-ros2/install/local_setup.ps1'
[47.590s] INFO:colcon.colcon_core.shell:Creating prefix util module '/home/vboxuser/liorf-ros2/install/_local_setup_util_ps1.py'
[47.591s] INFO:colcon.colcon_core.shell:Creating prefix chain script '/home/vboxuser/liorf-ros2/install/setup.ps1'
[47.591s] INFO:colcon.colcon_core.shell:Creating prefix script '/home/vboxuser/liorf-ros2/install/local_setup.sh'
[47.592s] INFO:colcon.colcon_core.shell:Creating prefix util module '/home/vboxuser/liorf-ros2/install/_local_setup_util_sh.py'
[47.592s] INFO:colcon.colcon_core.shell:Creating prefix chain script '/home/vboxuser/liorf-ros2/install/setup.sh'
[47.593s] INFO:colcon.colcon_core.shell:Creating prefix script '/home/vboxuser/liorf-ros2/install/local_setup.bash'
[47.593s] INFO:colcon.colcon_core.shell:Creating prefix chain script '/home/vboxuser/liorf-ros2/install/setup.bash'
[47.594s] INFO:colcon.colcon_core.shell:Creating prefix script '/home/vboxuser/liorf-ros2/install/local_setup.zsh'
[47.594s] INFO:colcon.colcon_core.shell:Creating prefix chain script '/home/vboxuser/liorf-ros2/install/setup.zsh'
