[0.016s] Invoking command in '/home/vboxuser/liorf-ros2/build/liorf': CMAKE_PREFIX_PATH=/opt/ros/foxy /usr/bin/cmake --build /home/vboxuser/liorf-ros2/build/liorf -- -j12 -l12
[0.110s] [  2%] Built target liorf__cpp
[0.124s] [ 10%] Built target liorf__rosidl_generator_c
[0.141s] [ 18%] Built target liorf__rosidl_typesupport_cpp
[0.142s] [ 26%] Built target liorf__rosidl_typesupport_introspection_cpp
[0.144s] [ 34%] Built target liorf__rosidl_typesupport_fastrtps_cpp
[0.153s] [ 42%] Built target liorf__rosidl_typesupport_c
[0.158s] [ 51%] Built target liorf__rosidl_typesupport_introspection_c
[0.171s] [ 59%] Built target liorf__rosidl_typesupport_fastrtps_c
[0.175s] [35m[1mScanning dependencies of target liorf_mapOptmization[0m
[0.175s] [35m[1mScanning dependencies of target liorf_imageProjection[0m
[0.188s] [ 59%] Built target liorf
[0.194s] [ 61%] [32mBuilding CXX object CMakeFiles/liorf_imuPreintegration.dir/src/imuPreintegration.cpp.o[0m
[0.208s] [ 63%] Built target liorf__py
[0.232s] [ 67%] [32mBuilding CXX object CMakeFiles/liorf_imageProjection.dir/src/imageProjection.cpp.o[0m
[0.233s] [ 67%] [32mBuilding CXX object CMakeFiles/liorf_mapOptmization.dir/include/Scancontext.cpp.o[0m
[0.233s] [ 73%] Built target liorf__python
[0.258s] [ 81%] Built target liorf__rosidl_typesupport_c__pyext
[0.259s] [ 81%] Built target liorf__rosidl_typesupport_introspection_c__pyext
[0.261s] [ 85%] Built target liorf__rosidl_typesupport_fastrtps_c__pyext
[7.097s] [01m[K/home/vboxuser/liorf-ros2/src/liorf/include/Scancontext.cpp:[m[K In function ‘[01m[Kfloat xy2theta(const float&, const float&)[m[K’:
[7.098s] [01m[K/home/vboxuser/liorf-ros2/src/liorf/include/Scancontext.cpp:36:1:[m[K [01;35m[Kwarning: [m[Kcontrol reaches end of non-void function [[01;35m[K-Wreturn-type[m[K]
[7.098s]    36 | [01;35m[K}[m[K // xy2theta
[7.098s]       | [01;35m[K^[m[K
[9.834s] [ 87%] [32m[1mLinking CXX executable liorf_mapOptmization[0m
[10.321s] [01m[K/home/vboxuser/liorf-ros2/src/liorf/src/imuPreintegration.cpp:[m[K In constructor ‘[01m[KTransformFusion::TransformFusion(const rclcpp::NodeOptions&)[m[K’:
[10.321s] [01m[K/home/vboxuser/liorf-ros2/src/liorf/src/imuPreintegration.cpp:62:44:[m[K [01;35m[Kwarning: [m[Kcatching polymorphic type ‘[01m[Kclass tf2::TransformException[m[K’ by value [[01;35m[K-Wcatch-value=[m[K]
[10.321s]    62 |             catch (tf2::TransformException [01;35m[Kex[m[K)
[10.321s]       |                                            [01;35m[K^~[m[K
[11.433s] [ 91%] Built target liorf_mapOptmization
[34.549s] [ 93%] [32m[1mLinking CXX executable liorf_imageProjection[0m
[35.167s] [ 95%] Built target liorf_imageProjection
[45.956s] [ 97%] [32m[1mLinking CXX executable liorf_imuPreintegration[0m
[46.809s] [100%] Built target liorf_imuPreintegration
[46.818s] Invoked command in '/home/vboxuser/liorf-ros2/build/liorf' returned '0': CMAKE_PREFIX_PATH=/opt/ros/foxy /usr/bin/cmake --build /home/vboxuser/liorf-ros2/build/liorf -- -j12 -l12
[46.829s] Invoking command in '/home/vboxuser/liorf-ros2/build/liorf': CMAKE_PREFIX_PATH=/opt/ros/foxy /usr/bin/cmake --install /home/vboxuser/liorf-ros2/build/liorf
[46.837s] -- Install configuration: "Release"
[46.838s] -- Installing: /home/vboxuser/liorf-ros2/install/liorf/share/ament_index/resource_index/rosidl_interfaces/liorf
[46.838s] -- Installing: /home/vboxuser/liorf-ros2/install/liorf/include/liorf
[46.838s] -- Installing: /home/vboxuser/liorf-ros2/install/liorf/include/liorf/srv
[46.838s] -- Installing: /home/vboxuser/liorf-ros2/install/liorf/include/liorf/srv/save_map.h
[46.838s] -- Installing: /home/vboxuser/liorf-ros2/install/liorf/include/liorf/srv/detail
[46.839s] -- Installing: /home/vboxuser/liorf-ros2/install/liorf/include/liorf/srv/detail/save_map__functions.c
[46.839s] -- Installing: /home/vboxuser/liorf-ros2/install/liorf/include/liorf/srv/detail/save_map__type_support.h
[46.839s] -- Installing: /home/vboxuser/liorf-ros2/install/liorf/include/liorf/srv/detail/save_map__struct.h
[46.840s] -- Installing: /home/vboxuser/liorf-ros2/install/liorf/include/liorf/srv/detail/save_map__functions.h
[46.840s] -- Installing: /home/vboxuser/liorf-ros2/install/liorf/include/liorf/msg
[46.840s] -- Installing: /home/vboxuser/liorf-ros2/install/liorf/include/liorf/msg/rosidl_generator_c__visibility_control.h
[46.840s] -- Installing: /home/vboxuser/liorf-ros2/install/liorf/include/liorf/msg/cloud_info.h
[46.840s] -- Installing: /home/vboxuser/liorf-ros2/install/liorf/include/liorf/msg/detail
[46.841s] -- Installing: /home/vboxuser/liorf-ros2/install/liorf/include/liorf/msg/detail/cloud_info__type_support.h
[46.841s] -- Installing: /home/vboxuser/liorf-ros2/install/liorf/include/liorf/msg/detail/cloud_info__struct.h
[46.841s] -- Installing: /home/vboxuser/liorf-ros2/install/liorf/include/liorf/msg/detail/cloud_info__functions.h
[46.841s] -- Installing: /home/vboxuser/liorf-ros2/install/liorf/include/liorf/msg/detail/cloud_info__functions.c
[46.841s] -- Installing: /home/vboxuser/liorf-ros2/install/liorf/share/liorf/environment/library_path.sh
[46.842s] -- Installing: /home/vboxuser/liorf-ros2/install/liorf/share/liorf/environment/library_path.dsv
[46.842s] -- Installing: /home/vboxuser/liorf-ros2/install/liorf/lib/libliorf__rosidl_generator_c.so
[46.843s] -- Set runtime path of "/home/vboxuser/liorf-ros2/install/liorf/lib/libliorf__rosidl_generator_c.so" to ""
[46.843s] -- Up-to-date: /home/vboxuser/liorf-ros2/install/liorf/include/liorf
[46.843s] -- Up-to-date: /home/vboxuser/liorf-ros2/install/liorf/include/liorf/srv
[46.843s] -- Up-to-date: /home/vboxuser/liorf-ros2/install/liorf/include/liorf/srv/detail
[46.843s] -- Installing: /home/vboxuser/liorf-ros2/install/liorf/include/liorf/srv/detail/save_map__rosidl_typesupport_fastrtps_c.h
[46.843s] -- Up-to-date: /home/vboxuser/liorf-ros2/install/liorf/include/liorf/msg
[46.843s] -- Installing: /home/vboxuser/liorf-ros2/install/liorf/include/liorf/msg/rosidl_typesupport_fastrtps_c__visibility_control.h
[46.844s] -- Up-to-date: /home/vboxuser/liorf-ros2/install/liorf/include/liorf/msg/detail
[46.844s] -- Installing: /home/vboxuser/liorf-ros2/install/liorf/include/liorf/msg/detail/cloud_info__rosidl_typesupport_fastrtps_c.h
[46.844s] -- Installing: /home/vboxuser/liorf-ros2/install/liorf/lib/libliorf__rosidl_typesupport_fastrtps_c.so
[46.845s] -- Set runtime path of "/home/vboxuser/liorf-ros2/install/liorf/lib/libliorf__rosidl_typesupport_fastrtps_c.so" to ""
[46.845s] -- Up-to-date: /home/vboxuser/liorf-ros2/install/liorf/include/liorf
[46.845s] -- Up-to-date: /home/vboxuser/liorf-ros2/install/liorf/include/liorf/srv
[46.845s] -- Up-to-date: /home/vboxuser/liorf-ros2/install/liorf/include/liorf/srv/detail
[46.845s] -- Installing: /home/vboxuser/liorf-ros2/install/liorf/include/liorf/srv/detail/save_map__rosidl_typesupport_fastrtps_cpp.hpp
[46.846s] -- Installing: /home/vboxuser/liorf-ros2/install/liorf/include/liorf/srv/detail/dds_fastrtps
[46.846s] -- Up-to-date: /home/vboxuser/liorf-ros2/install/liorf/include/liorf/msg
[46.846s] -- Installing: /home/vboxuser/liorf-ros2/install/liorf/include/liorf/msg/rosidl_typesupport_fastrtps_cpp__visibility_control.h
[46.846s] -- Up-to-date: /home/vboxuser/liorf-ros2/install/liorf/include/liorf/msg/detail
[46.846s] -- Installing: /home/vboxuser/liorf-ros2/install/liorf/include/liorf/msg/detail/cloud_info__rosidl_typesupport_fastrtps_cpp.hpp
[46.846s] -- Installing: /home/vboxuser/liorf-ros2/install/liorf/include/liorf/msg/detail/dds_fastrtps
[46.846s] -- Installing: /home/vboxuser/liorf-ros2/install/liorf/lib/libliorf__rosidl_typesupport_fastrtps_cpp.so
[46.847s] -- Set runtime path of "/home/vboxuser/liorf-ros2/install/liorf/lib/libliorf__rosidl_typesupport_fastrtps_cpp.so" to ""
[46.847s] -- Up-to-date: /home/vboxuser/liorf-ros2/install/liorf/include/liorf
[46.847s] -- Up-to-date: /home/vboxuser/liorf-ros2/install/liorf/include/liorf/srv
[46.847s] -- Up-to-date: /home/vboxuser/liorf-ros2/install/liorf/include/liorf/srv/detail
[46.848s] -- Installing: /home/vboxuser/liorf-ros2/install/liorf/include/liorf/srv/detail/save_map__type_support.c
[46.848s] -- Installing: /home/vboxuser/liorf-ros2/install/liorf/include/liorf/srv/detail/save_map__rosidl_typesupport_introspection_c.h
[46.848s] -- Up-to-date: /home/vboxuser/liorf-ros2/install/liorf/include/liorf/msg
[46.848s] -- Installing: /home/vboxuser/liorf-ros2/install/liorf/include/liorf/msg/rosidl_typesupport_introspection_c__visibility_control.h
[46.848s] -- Up-to-date: /home/vboxuser/liorf-ros2/install/liorf/include/liorf/msg/detail
[46.848s] -- Installing: /home/vboxuser/liorf-ros2/install/liorf/include/liorf/msg/detail/cloud_info__type_support.c
[46.848s] -- Installing: /home/vboxuser/liorf-ros2/install/liorf/include/liorf/msg/detail/cloud_info__rosidl_typesupport_introspection_c.h
[46.849s] -- Installing: /home/vboxuser/liorf-ros2/install/liorf/lib/libliorf__rosidl_typesupport_introspection_c.so
[46.849s] -- Set runtime path of "/home/vboxuser/liorf-ros2/install/liorf/lib/libliorf__rosidl_typesupport_introspection_c.so" to ""
[46.849s] -- Installing: /home/vboxuser/liorf-ros2/install/liorf/lib/libliorf__rosidl_typesupport_c.so
[46.850s] -- Set runtime path of "/home/vboxuser/liorf-ros2/install/liorf/lib/libliorf__rosidl_typesupport_c.so" to ""
[46.850s] -- Up-to-date: /home/vboxuser/liorf-ros2/install/liorf/include/liorf
[46.850s] -- Up-to-date: /home/vboxuser/liorf-ros2/install/liorf/include/liorf/srv
[46.850s] -- Installing: /home/vboxuser/liorf-ros2/install/liorf/include/liorf/srv/save_map.hpp
[46.850s] -- Up-to-date: /home/vboxuser/liorf-ros2/install/liorf/include/liorf/srv/detail
[46.850s] -- Installing: /home/vboxuser/liorf-ros2/install/liorf/include/liorf/srv/detail/save_map__builder.hpp
[46.850s] -- Installing: /home/vboxuser/liorf-ros2/install/liorf/include/liorf/srv/detail/save_map__type_support.hpp
[46.851s] -- Installing: /home/vboxuser/liorf-ros2/install/liorf/include/liorf/srv/detail/save_map__traits.hpp
[46.851s] -- Installing: /home/vboxuser/liorf-ros2/install/liorf/include/liorf/srv/detail/save_map__struct.hpp
[46.851s] -- Up-to-date: /home/vboxuser/liorf-ros2/install/liorf/include/liorf/msg
[46.851s] -- Installing: /home/vboxuser/liorf-ros2/install/liorf/include/liorf/msg/rosidl_generator_cpp__visibility_control.hpp
[46.851s] -- Installing: /home/vboxuser/liorf-ros2/install/liorf/include/liorf/msg/cloud_info.hpp
[46.851s] -- Up-to-date: /home/vboxuser/liorf-ros2/install/liorf/include/liorf/msg/detail
[46.851s] -- Installing: /home/vboxuser/liorf-ros2/install/liorf/include/liorf/msg/detail/cloud_info__type_support.hpp
[46.851s] -- Installing: /home/vboxuser/liorf-ros2/install/liorf/include/liorf/msg/detail/cloud_info__struct.hpp
[46.851s] -- Installing: /home/vboxuser/liorf-ros2/install/liorf/include/liorf/msg/detail/cloud_info__traits.hpp
[46.851s] -- Installing: /home/vboxuser/liorf-ros2/install/liorf/include/liorf/msg/detail/cloud_info__builder.hpp
[46.852s] -- Up-to-date: /home/vboxuser/liorf-ros2/install/liorf/include/liorf
[46.852s] -- Up-to-date: /home/vboxuser/liorf-ros2/install/liorf/include/liorf/srv
[46.852s] -- Up-to-date: /home/vboxuser/liorf-ros2/install/liorf/include/liorf/srv/detail
[46.852s] -- Installing: /home/vboxuser/liorf-ros2/install/liorf/include/liorf/srv/detail/save_map__type_support.cpp
[46.852s] -- Installing: /home/vboxuser/liorf-ros2/install/liorf/include/liorf/srv/detail/save_map__rosidl_typesupport_introspection_cpp.hpp
[46.852s] -- Up-to-date: /home/vboxuser/liorf-ros2/install/liorf/include/liorf/msg
[46.852s] -- Up-to-date: /home/vboxuser/liorf-ros2/install/liorf/include/liorf/msg/detail
[46.852s] -- Installing: /home/vboxuser/liorf-ros2/install/liorf/include/liorf/msg/detail/cloud_info__type_support.cpp
[46.852s] -- Installing: /home/vboxuser/liorf-ros2/install/liorf/include/liorf/msg/detail/cloud_info__rosidl_typesupport_introspection_cpp.hpp
[46.853s] -- Installing: /home/vboxuser/liorf-ros2/install/liorf/lib/libliorf__rosidl_typesupport_introspection_cpp.so
[46.856s] -- Set runtime path of "/home/vboxuser/liorf-ros2/install/liorf/lib/libliorf__rosidl_typesupport_introspection_cpp.so" to ""
[46.856s] -- Installing: /home/vboxuser/liorf-ros2/install/liorf/lib/libliorf__rosidl_typesupport_cpp.so
[46.856s] -- Set runtime path of "/home/vboxuser/liorf-ros2/install/liorf/lib/libliorf__rosidl_typesupport_cpp.so" to ""
[46.856s] -- Installing: /home/vboxuser/liorf-ros2/install/liorf/share/liorf/environment/pythonpath.sh
[46.857s] -- Installing: /home/vboxuser/liorf-ros2/install/liorf/share/liorf/environment/pythonpath.dsv
[46.857s] -- Installing: /home/vboxuser/liorf-ros2/install/liorf/lib/python3.8/site-packages/liorf/__init__.py
[46.878s] Compiling '/home/vboxuser/liorf-ros2/install/liorf/lib/python3.8/site-packages/liorf/__init__.py'...
[46.880s] -- Installing: /home/vboxuser/liorf-ros2/install/liorf/lib/python3.8/site-packages/liorf/msg
[46.880s] -- Installing: /home/vboxuser/liorf-ros2/install/liorf/lib/python3.8/site-packages/liorf/msg/_cloud_info_s.c
[46.881s] -- Installing: /home/vboxuser/liorf-ros2/install/liorf/lib/python3.8/site-packages/liorf/msg/__init__.py
[46.882s] -- Installing: /home/vboxuser/liorf-ros2/install/liorf/lib/python3.8/site-packages/liorf/msg/_cloud_info.py
[46.883s] -- Installing: /home/vboxuser/liorf-ros2/install/liorf/lib/python3.8/site-packages/liorf/srv
[46.883s] -- Installing: /home/vboxuser/liorf-ros2/install/liorf/lib/python3.8/site-packages/liorf/srv/__init__.py
[46.883s] -- Installing: /home/vboxuser/liorf-ros2/install/liorf/lib/python3.8/site-packages/liorf/srv/_save_map.py
[46.883s] -- Installing: /home/vboxuser/liorf-ros2/install/liorf/lib/python3.8/site-packages/liorf/srv/_save_map_s.c
[46.884s] -- Installing: /home/vboxuser/liorf-ros2/install/liorf/lib/python3.8/site-packages/liorf/liorf_s__rosidl_typesupport_fastrtps_c.cpython-38-x86_64-linux-gnu.so
[46.884s] -- Set runtime path of "/home/vboxuser/liorf-ros2/install/liorf/lib/python3.8/site-packages/liorf/liorf_s__rosidl_typesupport_fastrtps_c.cpython-38-x86_64-linux-gnu.so" to ""
[46.885s] -- Installing: /home/vboxuser/liorf-ros2/install/liorf/lib/python3.8/site-packages/liorf/liorf_s__rosidl_typesupport_introspection_c.cpython-38-x86_64-linux-gnu.so
[46.885s] -- Set runtime path of "/home/vboxuser/liorf-ros2/install/liorf/lib/python3.8/site-packages/liorf/liorf_s__rosidl_typesupport_introspection_c.cpython-38-x86_64-linux-gnu.so" to ""
[46.886s] -- Installing: /home/vboxuser/liorf-ros2/install/liorf/lib/python3.8/site-packages/liorf/liorf_s__rosidl_typesupport_c.cpython-38-x86_64-linux-gnu.so
[46.886s] -- Set runtime path of "/home/vboxuser/liorf-ros2/install/liorf/lib/python3.8/site-packages/liorf/liorf_s__rosidl_typesupport_c.cpython-38-x86_64-linux-gnu.so" to ""
[46.886s] -- Installing: /home/vboxuser/liorf-ros2/install/liorf/lib/libliorf__python.so
[46.887s] -- Set runtime path of "/home/vboxuser/liorf-ros2/install/liorf/lib/libliorf__python.so" to ""
[46.887s] -- Installing: /home/vboxuser/liorf-ros2/install/liorf/share/liorf/msg/CloudInfo.idl
[46.888s] -- Installing: /home/vboxuser/liorf-ros2/install/liorf/share/liorf/srv/SaveMap.idl
[46.888s] -- Installing: /home/vboxuser/liorf-ros2/install/liorf/share/liorf/msg/CloudInfo.msg
[46.888s] -- Installing: /home/vboxuser/liorf-ros2/install/liorf/share/liorf/srv/SaveMap.srv
[46.889s] -- Installing: /home/vboxuser/liorf-ros2/install/liorf/share/liorf/srv/SaveMap_Request.msg
[46.889s] -- Installing: /home/vboxuser/liorf-ros2/install/liorf/share/liorf/srv/SaveMap_Response.msg
[46.889s] -- Installing: /home/vboxuser/liorf-ros2/install/liorf/share/liorf//launch
[46.889s] -- Installing: /home/vboxuser/liorf-ros2/install/liorf/share/liorf//launch/run_ubran_hongkong.launch.py
[46.890s] -- Installing: /home/vboxuser/liorf-ros2/install/liorf/share/liorf//launch/run_kitti.launch.py
[46.890s] -- Installing: /home/vboxuser/liorf-ros2/install/liorf/share/liorf//launch/run_lio_sam_ouster.launch.py
[46.890s] -- Installing: /home/vboxuser/liorf-ros2/install/liorf/share/liorf//launch/run_M2DGR.launch.py
[46.890s] -- Installing: /home/vboxuser/liorf-ros2/install/liorf/share/liorf//launch/run_lio_sam_identity.launch.py
[46.891s] -- Installing: /home/vboxuser/liorf-ros2/install/liorf/share/liorf//launch/run_lio_sam_default.launch.py
[46.891s] -- Installing: /home/vboxuser/liorf-ros2/install/liorf/share/liorf//launch/run_mulran.launch.py
[46.891s] -- Installing: /home/vboxuser/liorf-ros2/install/liorf/share/liorf//launch/run_lio_sam_livox.launch.py
[46.892s] -- Installing: /home/vboxuser/liorf-ros2/install/liorf/share/liorf//config
[46.892s] -- Installing: /home/vboxuser/liorf-ros2/install/liorf/share/liorf//config/ubran_hongkong.yaml
[46.892s] -- Installing: /home/vboxuser/liorf-ros2/install/liorf/share/liorf//config/lio_sam_ouster.yaml
[46.892s] -- Installing: /home/vboxuser/liorf-ros2/install/liorf/share/liorf//config/M2DGR.yaml
[46.892s] -- Installing: /home/vboxuser/liorf-ros2/install/liorf/share/liorf//config/lio_sam_livox.yaml
[46.893s] -- Installing: /home/vboxuser/liorf-ros2/install/liorf/share/liorf//config/kitti.yaml
[46.893s] -- Installing: /home/vboxuser/liorf-ros2/install/liorf/share/liorf//config/lio_sam_identity.yaml
[46.893s] -- Installing: /home/vboxuser/liorf-ros2/install/liorf/share/liorf//config/mulran.yaml
[46.893s] -- Installing: /home/vboxuser/liorf-ros2/install/liorf/share/liorf//config/lio_sam_default.yaml
[46.894s] -- Installing: /home/vboxuser/liorf-ros2/install/liorf/share/liorf//config/doc
[46.894s] -- Installing: /home/vboxuser/liorf-ros2/install/liorf/share/liorf//config/doc/kitti2bag
[46.894s] -- Installing: /home/vboxuser/liorf-ros2/install/liorf/share/liorf//config/doc/kitti2bag/kitti2bag.py
[46.894s] -- Installing: /home/vboxuser/liorf-ros2/install/liorf/share/liorf//config/doc/kitti2bag/README.md
[46.895s] -- Installing: /home/vboxuser/liorf-ros2/install/liorf/share/liorf//rviz
[46.895s] -- Installing: /home/vboxuser/liorf-ros2/install/liorf/share/liorf//rviz/mapping.rviz
[46.895s] -- Installing: /home/vboxuser/liorf-ros2/install/liorf/lib/liorf/liorf_imageProjection
[46.918s] -- Set runtime path of "/home/vboxuser/liorf-ros2/install/liorf/lib/liorf/liorf_imageProjection" to ""
[46.918s] -- Installing: /home/vboxuser/liorf-ros2/install/liorf/lib/liorf/liorf_imuPreintegration
[46.949s] -- Set runtime path of "/home/vboxuser/liorf-ros2/install/liorf/lib/liorf/liorf_imuPreintegration" to ""
[46.949s] -- Installing: /home/vboxuser/liorf-ros2/install/liorf/lib/liorf/liorf_mapOptmization
[47.002s] -- Set runtime path of "/home/vboxuser/liorf-ros2/install/liorf/lib/liorf/liorf_mapOptmization" to ""
[47.002s] -- Up-to-date: /home/vboxuser/liorf-ros2/install/liorf/include
[47.002s] -- Installing: /home/vboxuser/liorf-ros2/install/liorf/include/KDTreeVectorOfVectorsAdaptor.h
[47.002s] -- Installing: /home/vboxuser/liorf-ros2/install/liorf/include/Scancontext.cpp
[47.002s] -- Installing: /home/vboxuser/liorf-ros2/install/liorf/include/Scancontext.h
[47.002s] -- Installing: /home/vboxuser/liorf-ros2/install/liorf/include/tictoc.h
[47.002s] -- Installing: /home/vboxuser/liorf-ros2/install/liorf/include/nanoflann.hpp
[47.002s] -- Installing: /home/vboxuser/liorf-ros2/install/liorf/include/utility.h
[47.002s] -- Installing: /home/vboxuser/liorf-ros2/install/liorf/share/ament_index/resource_index/package_run_dependencies/liorf
[47.006s] -- Installing: /home/vboxuser/liorf-ros2/install/liorf/share/ament_index/resource_index/parent_prefix_path/liorf
[47.006s] -- Installing: /home/vboxuser/liorf-ros2/install/liorf/share/liorf/environment/ament_prefix_path.sh
[47.007s] -- Installing: /home/vboxuser/liorf-ros2/install/liorf/share/liorf/environment/ament_prefix_path.dsv
[47.007s] -- Installing: /home/vboxuser/liorf-ros2/install/liorf/share/liorf/environment/path.sh
[47.008s] -- Installing: /home/vboxuser/liorf-ros2/install/liorf/share/liorf/environment/path.dsv
[47.008s] -- Installing: /home/vboxuser/liorf-ros2/install/liorf/share/liorf/local_setup.bash
[47.008s] -- Installing: /home/vboxuser/liorf-ros2/install/liorf/share/liorf/local_setup.sh
[47.009s] -- Installing: /home/vboxuser/liorf-ros2/install/liorf/share/liorf/local_setup.zsh
[47.009s] -- Installing: /home/vboxuser/liorf-ros2/install/liorf/share/liorf/local_setup.dsv
[47.009s] -- Installing: /home/vboxuser/liorf-ros2/install/liorf/share/liorf/package.dsv
[47.010s] -- Installing: /home/vboxuser/liorf-ros2/install/liorf/share/ament_index/resource_index/packages/liorf
[47.011s] -- Installing: /home/vboxuser/liorf-ros2/install/liorf/share/liorf/cmake/liorf__rosidl_generator_cExport.cmake
[47.011s] -- Installing: /home/vboxuser/liorf-ros2/install/liorf/share/liorf/cmake/liorf__rosidl_generator_cExport-release.cmake
[47.011s] -- Installing: /home/vboxuser/liorf-ros2/install/liorf/share/liorf/cmake/liorf__rosidl_typesupport_introspection_cExport.cmake
[47.012s] -- Installing: /home/vboxuser/liorf-ros2/install/liorf/share/liorf/cmake/liorf__rosidl_typesupport_introspection_cExport-release.cmake
[47.012s] -- Installing: /home/vboxuser/liorf-ros2/install/liorf/share/liorf/cmake/liorf__rosidl_typesupport_cExport.cmake
[47.012s] -- Installing: /home/vboxuser/liorf-ros2/install/liorf/share/liorf/cmake/liorf__rosidl_typesupport_cExport-release.cmake
[47.013s] -- Installing: /home/vboxuser/liorf-ros2/install/liorf/share/liorf/cmake/liorf__rosidl_generator_cppExport.cmake
[47.013s] -- Installing: /home/vboxuser/liorf-ros2/install/liorf/share/liorf/cmake/liorf__rosidl_typesupport_introspection_cppExport.cmake
[47.013s] -- Installing: /home/vboxuser/liorf-ros2/install/liorf/share/liorf/cmake/liorf__rosidl_typesupport_introspection_cppExport-release.cmake
[47.013s] -- Installing: /home/vboxuser/liorf-ros2/install/liorf/share/liorf/cmake/liorf__rosidl_typesupport_cppExport.cmake
[47.014s] -- Installing: /home/vboxuser/liorf-ros2/install/liorf/share/liorf/cmake/liorf__rosidl_typesupport_cppExport-release.cmake
[47.014s] -- Installing: /home/vboxuser/liorf-ros2/install/liorf/share/liorf/cmake/rosidl_cmake-extras.cmake
[47.014s] -- Installing: /home/vboxuser/liorf-ros2/install/liorf/share/liorf/cmake/ament_cmake_export_dependencies-extras.cmake
[47.015s] -- Installing: /home/vboxuser/liorf-ros2/install/liorf/share/liorf/cmake/ament_cmake_export_libraries-extras.cmake
[47.015s] -- Installing: /home/vboxuser/liorf-ros2/install/liorf/share/liorf/cmake/ament_cmake_export_targets-extras.cmake
[47.015s] -- Installing: /home/vboxuser/liorf-ros2/install/liorf/share/liorf/cmake/ament_cmake_export_include_directories-extras.cmake
[47.016s] -- Installing: /home/vboxuser/liorf-ros2/install/liorf/share/liorf/cmake/rosidl_cmake_export_typesupport_libraries-extras.cmake
[47.016s] -- Installing: /home/vboxuser/liorf-ros2/install/liorf/share/liorf/cmake/rosidl_cmake_export_typesupport_targets-extras.cmake
[47.016s] -- Installing: /home/vboxuser/liorf-ros2/install/liorf/share/liorf/cmake/liorfConfig.cmake
[47.017s] -- Installing: /home/vboxuser/liorf-ros2/install/liorf/share/liorf/cmake/liorfConfig-version.cmake
[47.017s] -- Installing: /home/vboxuser/liorf-ros2/install/liorf/share/liorf/package.xml
[47.020s] Invoked command in '/home/vboxuser/liorf-ros2/build/liorf' returned '0': CMAKE_PREFIX_PATH=/opt/ros/foxy /usr/bin/cmake --install /home/vboxuser/liorf-ros2/build/liorf
