** WARNING ** io features related to openni will be disabled
** WARNING ** io features related to openni2 will be disabled
** WARNING ** io features related to pcap will be disabled
** WARNING ** io features related to png will be disabled
** WARNING ** io features related to libusb-1.0 will be disabled
** WARNING ** visualization features related to openni will be disabled
** WARNING ** visualization features related to openni2 will be disabled
** WARNING ** apps features related to openni will be disabled
In file included from [01m[K/usr/include/boost/preprocessor/tuple/elem.hpp:23[m[K,
                 from [01m[K/usr/include/boost/preprocessor/arithmetic/add.hpp:21[m[K,
                 from [01m[K/usr/include/boost/mpl/aux_/preprocessor/def_params_tail.hpp:66[m[K,
                 from [01m[K/usr/include/boost/mpl/aux_/na_spec.hpp:28[m[K,
                 from [01m[K/usr/include/boost/mpl/not.hpp:20[m[K,
                 from [01m[K/usr/include/boost/mpl/assert.hpp:17[m[K,
                 from [01m[K/usr/include/pcl-1.10/pcl/point_traits.h:48[m[K,
                 from [01m[K/usr/include/pcl-1.10/pcl/point_cloud.h:50[m[K,
                 from [01m[K/home/vboxuser/liorf-ros2/src/liorf/lib/common_lib.h:5[m[K,
                 from [01m[K/home/vboxuser/liorf-ros2/src/liorf/include/utility.h:16[m[K,
                 from [01m[K/home/vboxuser/liorf-ros2/src/liorf/src/imageProjection.cpp:1[m[K:
[01m[K/home/vboxuser/liorf-ros2/src/liorf/src/imageProjection.cpp:14:6:[m[K [01;35m[Kwarning: [m[K‘[01m[Kusing uint16_t = uint16_t[m[K’ is deprecated: use std::uint16_t instead of pcl::uint16_t [[01;35m[K-Wdeprecated-declarations[m[K]
   14 |     ([01;35m[Kuint16_t[m[K, ring, ring) (float, time, time)
      |      [01;35m[K^~~~~~~~[m[K
In file included from [01m[K/usr/include/pcl-1.10/pcl/PCLHeader.h:10[m[K,
                 from [01m[K/usr/include/pcl-1.10/pcl/point_cloud.h:47[m[K,
                 from [01m[K/home/vboxuser/liorf-ros2/src/liorf/lib/common_lib.h:5[m[K,
                 from [01m[K/home/vboxuser/liorf-ros2/src/liorf/include/utility.h:16[m[K,
                 from [01m[K/home/vboxuser/liorf-ros2/src/liorf/src/imageProjection.cpp:1[m[K:
[01m[K/usr/include/pcl-1.10/pcl/pcl_macros.h:94:9:[m[K [01;36m[Knote: [m[Kdeclared here
   94 |   using [01;36m[Kuint16_t[m[K [[deprecated("use std::uint16_t instead of pcl::uint16_t")]] = std::uint16_t;
      |         [01;36m[K^~~~~~~~[m[K
In file included from [01m[K/usr/include/boost/preprocessor/tuple/elem.hpp:23[m[K,
                 from [01m[K/usr/include/boost/preprocessor/arithmetic/add.hpp:21[m[K,
                 from [01m[K/usr/include/boost/mpl/aux_/preprocessor/def_params_tail.hpp:66[m[K,
                 from [01m[K/usr/include/boost/mpl/aux_/na_spec.hpp:28[m[K,
                 from [01m[K/usr/include/boost/mpl/not.hpp:20[m[K,
                 from [01m[K/usr/include/boost/mpl/assert.hpp:17[m[K,
                 from [01m[K/usr/include/pcl-1.10/pcl/point_traits.h:48[m[K,
                 from [01m[K/usr/include/pcl-1.10/pcl/point_cloud.h:50[m[K,
                 from [01m[K/home/vboxuser/liorf-ros2/src/liorf/lib/common_lib.h:5[m[K,
                 from [01m[K/home/vboxuser/liorf-ros2/src/liorf/include/utility.h:16[m[K,
                 from [01m[K/home/vboxuser/liorf-ros2/src/liorf/src/imageProjection.cpp:1[m[K:
[01m[K/home/vboxuser/liorf-ros2/src/liorf/src/imageProjection.cpp:29:6:[m[K [01;35m[Kwarning: [m[K‘[01m[Kusing uint32_t = uint32_t[m[K’ is deprecated: use std::uint32_t instead of pcl::uint32_t [[01;35m[K-Wdeprecated-declarations[m[K]
   29 |     ([01;35m[Kuint32_t[m[K, t, t) (uint16_t, reflectivity, reflectivity)
      |      [01;35m[K^~~~~~~~[m[K
In file included from [01m[K/usr/include/pcl-1.10/pcl/PCLHeader.h:10[m[K,
                 from [01m[K/usr/include/pcl-1.10/pcl/point_cloud.h:47[m[K,
                 from [01m[K/home/vboxuser/liorf-ros2/src/liorf/lib/common_lib.h:5[m[K,
                 from [01m[K/home/vboxuser/liorf-ros2/src/liorf/include/utility.h:16[m[K,
                 from [01m[K/home/vboxuser/liorf-ros2/src/liorf/src/imageProjection.cpp:1[m[K:
[01m[K/usr/include/pcl-1.10/pcl/pcl_macros.h:96:9:[m[K [01;36m[Knote: [m[Kdeclared here
   96 |   using [01;36m[Kuint32_t[m[K [[deprecated("use std::uint32_t instead of pcl::uint32_t")]] = std::uint32_t;
      |         [01;36m[K^~~~~~~~[m[K
In file included from [01m[K/usr/include/boost/preprocessor/tuple/elem.hpp:23[m[K,
                 from [01m[K/usr/include/boost/preprocessor/arithmetic/add.hpp:21[m[K,
                 from [01m[K/usr/include/boost/mpl/aux_/preprocessor/def_params_tail.hpp:66[m[K,
                 from [01m[K/usr/include/boost/mpl/aux_/na_spec.hpp:28[m[K,
                 from [01m[K/usr/include/boost/mpl/not.hpp:20[m[K,
                 from [01m[K/usr/include/boost/mpl/assert.hpp:17[m[K,
                 from [01m[K/usr/include/pcl-1.10/pcl/point_traits.h:48[m[K,
                 from [01m[K/usr/include/pcl-1.10/pcl/point_cloud.h:50[m[K,
                 from [01m[K/home/vboxuser/liorf-ros2/src/liorf/lib/common_lib.h:5[m[K,
                 from [01m[K/home/vboxuser/liorf-ros2/src/liorf/include/utility.h:16[m[K,
                 from [01m[K/home/vboxuser/liorf-ros2/src/liorf/src/imageProjection.cpp:1[m[K:
[01m[K/home/vboxuser/liorf-ros2/src/liorf/src/imageProjection.cpp:29:23:[m[K [01;35m[Kwarning: [m[K‘[01m[Kusing uint16_t = uint16_t[m[K’ is deprecated: use std::uint16_t instead of pcl::uint16_t [[01;35m[K-Wdeprecated-declarations[m[K]
   29 |     (uint32_t, t, t) ([01;35m[Kuint16_t[m[K, reflectivity, reflectivity)
      |                       [01;35m[K^~~~~~~~[m[K
In file included from [01m[K/usr/include/pcl-1.10/pcl/PCLHeader.h:10[m[K,
                 from [01m[K/usr/include/pcl-1.10/pcl/point_cloud.h:47[m[K,
                 from [01m[K/home/vboxuser/liorf-ros2/src/liorf/lib/common_lib.h:5[m[K,
                 from [01m[K/home/vboxuser/liorf-ros2/src/liorf/include/utility.h:16[m[K,
                 from [01m[K/home/vboxuser/liorf-ros2/src/liorf/src/imageProjection.cpp:1[m[K:
[01m[K/usr/include/pcl-1.10/pcl/pcl_macros.h:94:9:[m[K [01;36m[Knote: [m[Kdeclared here
   94 |   using [01;36m[Kuint16_t[m[K [[deprecated("use std::uint16_t instead of pcl::uint16_t")]] = std::uint16_t;
      |         [01;36m[K^~~~~~~~[m[K
In file included from [01m[K/usr/include/boost/preprocessor/tuple/elem.hpp:23[m[K,
                 from [01m[K/usr/include/boost/preprocessor/arithmetic/add.hpp:21[m[K,
                 from [01m[K/usr/include/boost/mpl/aux_/preprocessor/def_params_tail.hpp:66[m[K,
                 from [01m[K/usr/include/boost/mpl/aux_/na_spec.hpp:28[m[K,
                 from [01m[K/usr/include/boost/mpl/not.hpp:20[m[K,
                 from [01m[K/usr/include/boost/mpl/assert.hpp:17[m[K,
                 from [01m[K/usr/include/pcl-1.10/pcl/point_traits.h:48[m[K,
                 from [01m[K/usr/include/pcl-1.10/pcl/point_cloud.h:50[m[K,
                 from [01m[K/home/vboxuser/liorf-ros2/src/liorf/lib/common_lib.h:5[m[K,
                 from [01m[K/home/vboxuser/liorf-ros2/src/liorf/include/utility.h:16[m[K,
                 from [01m[K/home/vboxuser/liorf-ros2/src/liorf/src/imageProjection.cpp:1[m[K:
[01m[K/home/vboxuser/liorf-ros2/src/liorf/src/imageProjection.cpp:30:6:[m[K [01;35m[Kwarning: [m[K‘[01m[Kusing uint8_t = uint8_t[m[K’ is deprecated: use std::uint8_t instead of pcl::uint8_t [[01;35m[K-Wdeprecated-declarations[m[K]
   30 |     ([01;35m[Kuint8_t[m[K, ring, ring) (uint16_t, noise, noise) (uint32_t, range, range)
      |      [01;35m[K^~~~~~~[m[K
In file included from [01m[K/usr/include/pcl-1.10/pcl/PCLHeader.h:10[m[K,
                 from [01m[K/usr/include/pcl-1.10/pcl/point_cloud.h:47[m[K,
                 from [01m[K/home/vboxuser/liorf-ros2/src/liorf/lib/common_lib.h:5[m[K,
                 from [01m[K/home/vboxuser/liorf-ros2/src/liorf/include/utility.h:16[m[K,
                 from [01m[K/home/vboxuser/liorf-ros2/src/liorf/src/imageProjection.cpp:1[m[K:
[01m[K/usr/include/pcl-1.10/pcl/pcl_macros.h:92:9:[m[K [01;36m[Knote: [m[Kdeclared here
   92 |   using [01;36m[Kuint8_t[m[K [[deprecated("use std::uint8_t instead of pcl::uint8_t")]] = std::uint8_t;
      |         [01;36m[K^~~~~~~[m[K
In file included from [01m[K/usr/include/boost/preprocessor/tuple/elem.hpp:23[m[K,
                 from [01m[K/usr/include/boost/preprocessor/arithmetic/add.hpp:21[m[K,
                 from [01m[K/usr/include/boost/mpl/aux_/preprocessor/def_params_tail.hpp:66[m[K,
                 from [01m[K/usr/include/boost/mpl/aux_/na_spec.hpp:28[m[K,
                 from [01m[K/usr/include/boost/mpl/not.hpp:20[m[K,
                 from [01m[K/usr/include/boost/mpl/assert.hpp:17[m[K,
                 from [01m[K/usr/include/pcl-1.10/pcl/point_traits.h:48[m[K,
                 from [01m[K/usr/include/pcl-1.10/pcl/point_cloud.h:50[m[K,
                 from [01m[K/home/vboxuser/liorf-ros2/src/liorf/lib/common_lib.h:5[m[K,
                 from [01m[K/home/vboxuser/liorf-ros2/src/liorf/include/utility.h:16[m[K,
                 from [01m[K/home/vboxuser/liorf-ros2/src/liorf/src/imageProjection.cpp:1[m[K:
[01m[K/home/vboxuser/liorf-ros2/src/liorf/src/imageProjection.cpp:30:28:[m[K [01;35m[Kwarning: [m[K‘[01m[Kusing uint16_t = uint16_t[m[K’ is deprecated: use std::uint16_t instead of pcl::uint16_t [[01;35m[K-Wdeprecated-declarations[m[K]
   30 |     (uint8_t, ring, ring) ([01;35m[Kuint16_t[m[K, noise, noise) (uint32_t, range, range)
      |                            [01;35m[K^~~~~~~~[m[K
In file included from [01m[K/usr/include/pcl-1.10/pcl/PCLHeader.h:10[m[K,
                 from [01m[K/usr/include/pcl-1.10/pcl/point_cloud.h:47[m[K,
                 from [01m[K/home/vboxuser/liorf-ros2/src/liorf/lib/common_lib.h:5[m[K,
                 from [01m[K/home/vboxuser/liorf-ros2/src/liorf/include/utility.h:16[m[K,
                 from [01m[K/home/vboxuser/liorf-ros2/src/liorf/src/imageProjection.cpp:1[m[K:
[01m[K/usr/include/pcl-1.10/pcl/pcl_macros.h:94:9:[m[K [01;36m[Knote: [m[Kdeclared here
   94 |   using [01;36m[Kuint16_t[m[K [[deprecated("use std::uint16_t instead of pcl::uint16_t")]] = std::uint16_t;
      |         [01;36m[K^~~~~~~~[m[K
In file included from [01m[K/usr/include/boost/preprocessor/tuple/elem.hpp:23[m[K,
                 from [01m[K/usr/include/boost/preprocessor/arithmetic/add.hpp:21[m[K,
                 from [01m[K/usr/include/boost/mpl/aux_/preprocessor/def_params_tail.hpp:66[m[K,
                 from [01m[K/usr/include/boost/mpl/aux_/na_spec.hpp:28[m[K,
                 from [01m[K/usr/include/boost/mpl/not.hpp:20[m[K,
                 from [01m[K/usr/include/boost/mpl/assert.hpp:17[m[K,
                 from [01m[K/usr/include/pcl-1.10/pcl/point_traits.h:48[m[K,
                 from [01m[K/usr/include/pcl-1.10/pcl/point_cloud.h:50[m[K,
                 from [01m[K/home/vboxuser/liorf-ros2/src/liorf/lib/common_lib.h:5[m[K,
                 from [01m[K/home/vboxuser/liorf-ros2/src/liorf/include/utility.h:16[m[K,
                 from [01m[K/home/vboxuser/liorf-ros2/src/liorf/src/imageProjection.cpp:1[m[K:
[01m[K/home/vboxuser/liorf-ros2/src/liorf/src/imageProjection.cpp:30:53:[m[K [01;35m[Kwarning: [m[K‘[01m[Kusing uint32_t = uint32_t[m[K’ is deprecated: use std::uint32_t instead of pcl::uint32_t [[01;35m[K-Wdeprecated-declarations[m[K]
   30 |     (uint8_t, ring, ring) (uint16_t, noise, noise) ([01;35m[Kuint32_t[m[K, range, range)
      |                                                     [01;35m[K^~~~~~~~[m[K
In file included from [01m[K/usr/include/pcl-1.10/pcl/PCLHeader.h:10[m[K,
                 from [01m[K/usr/include/pcl-1.10/pcl/point_cloud.h:47[m[K,
                 from [01m[K/home/vboxuser/liorf-ros2/src/liorf/lib/common_lib.h:5[m[K,
                 from [01m[K/home/vboxuser/liorf-ros2/src/liorf/include/utility.h:16[m[K,
                 from [01m[K/home/vboxuser/liorf-ros2/src/liorf/src/imageProjection.cpp:1[m[K:
[01m[K/usr/include/pcl-1.10/pcl/pcl_macros.h:96:9:[m[K [01;36m[Knote: [m[Kdeclared here
   96 |   using [01;36m[Kuint32_t[m[K [[deprecated("use std::uint32_t instead of pcl::uint32_t")]] = std::uint32_t;
      |         [01;36m[K^~~~~~~~[m[K
In file included from [01m[K/usr/include/boost/preprocessor/tuple/elem.hpp:23[m[K,
                 from [01m[K/usr/include/boost/preprocessor/arithmetic/add.hpp:21[m[K,
                 from [01m[K/usr/include/boost/mpl/aux_/preprocessor/def_params_tail.hpp:66[m[K,
                 from [01m[K/usr/include/boost/mpl/aux_/na_spec.hpp:28[m[K,
                 from [01m[K/usr/include/boost/mpl/not.hpp:20[m[K,
                 from [01m[K/usr/include/boost/mpl/assert.hpp:17[m[K,
                 from [01m[K/usr/include/pcl-1.10/pcl/point_traits.h:48[m[K,
                 from [01m[K/usr/include/pcl-1.10/pcl/point_cloud.h:50[m[K,
                 from [01m[K/home/vboxuser/liorf-ros2/src/liorf/lib/common_lib.h:5[m[K,
                 from [01m[K/home/vboxuser/liorf-ros2/src/liorf/include/utility.h:16[m[K,
                 from [01m[K/home/vboxuser/liorf-ros2/src/liorf/src/imageProjection.cpp:1[m[K:
[01m[K/home/vboxuser/liorf-ros2/src/liorf/src/imageProjection.cpp:43:8:[m[K [01;35m[Kwarning: [m[K‘[01m[Kusing uint16_t = uint16_t[m[K’ is deprecated: use std::uint16_t instead of pcl::uint16_t [[01;35m[K-Wdeprecated-declarations[m[K]
   43 |       ([01;35m[Kuint16_t[m[K, ring, ring)(double, timestamp, timestamp)
      |        [01;35m[K^~~~~~~~[m[K
In file included from [01m[K/usr/include/pcl-1.10/pcl/PCLHeader.h:10[m[K,
                 from [01m[K/usr/include/pcl-1.10/pcl/point_cloud.h:47[m[K,
                 from [01m[K/home/vboxuser/liorf-ros2/src/liorf/lib/common_lib.h:5[m[K,
                 from [01m[K/home/vboxuser/liorf-ros2/src/liorf/include/utility.h:16[m[K,
                 from [01m[K/home/vboxuser/liorf-ros2/src/liorf/src/imageProjection.cpp:1[m[K:
[01m[K/usr/include/pcl-1.10/pcl/pcl_macros.h:94:9:[m[K [01;36m[Knote: [m[Kdeclared here
   94 |   using [01;36m[Kuint16_t[m[K [[deprecated("use std::uint16_t instead of pcl::uint16_t")]] = std::uint16_t;
      |         [01;36m[K^~~~~~~~[m[K
In file included from [01m[K/usr/include/boost/preprocessor/tuple/elem.hpp:23[m[K,
                 from [01m[K/usr/include/boost/preprocessor/arithmetic/add.hpp:21[m[K,
                 from [01m[K/usr/include/boost/mpl/aux_/preprocessor/def_params_tail.hpp:66[m[K,
                 from [01m[K/usr/include/boost/mpl/aux_/na_spec.hpp:28[m[K,
                 from [01m[K/usr/include/boost/mpl/not.hpp:20[m[K,
                 from [01m[K/usr/include/boost/mpl/assert.hpp:17[m[K,
                 from [01m[K/usr/include/pcl-1.10/pcl/point_traits.h:48[m[K,
                 from [01m[K/usr/include/pcl-1.10/pcl/point_cloud.h:50[m[K,
                 from [01m[K/home/vboxuser/liorf-ros2/src/liorf/lib/common_lib.h:5[m[K,
                 from [01m[K/home/vboxuser/liorf-ros2/src/liorf/include/utility.h:16[m[K,
                 from [01m[K/home/vboxuser/liorf-ros2/src/liorf/src/imageProjection.cpp:1[m[K:
[01m[K/home/vboxuser/liorf-ros2/src/liorf/src/imageProjection.cpp:56:7:[m[K [01;35m[Kwarning: [m[K‘[01m[Kusing uint32_t = uint32_t[m[K’ is deprecated: use std::uint32_t instead of pcl::uint32_t [[01;35m[K-Wdeprecated-declarations[m[K]
   56 |      ([01;35m[Kuint32_t[m[K, t, t) (int, ring, ring)
      |       [01;35m[K^~~~~~~~[m[K
In file included from [01m[K/usr/include/pcl-1.10/pcl/PCLHeader.h:10[m[K,
                 from [01m[K/usr/include/pcl-1.10/pcl/point_cloud.h:47[m[K,
                 from [01m[K/home/vboxuser/liorf-ros2/src/liorf/lib/common_lib.h:5[m[K,
                 from [01m[K/home/vboxuser/liorf-ros2/src/liorf/include/utility.h:16[m[K,
                 from [01m[K/home/vboxuser/liorf-ros2/src/liorf/src/imageProjection.cpp:1[m[K:
[01m[K/usr/include/pcl-1.10/pcl/pcl_macros.h:96:9:[m[K [01;36m[Knote: [m[Kdeclared here
   96 |   using [01;36m[Kuint32_t[m[K [[deprecated("use std::uint32_t instead of pcl::uint32_t")]] = std::uint32_t;
      |         [01;36m[K^~~~~~~~[m[K
[01m[K/home/vboxuser/liorf-ros2/src/liorf/include/Scancontext.cpp:[m[K In function ‘[01m[Kfloat xy2theta(const float&, const float&)[m[K’:
[01m[K/home/vboxuser/liorf-ros2/src/liorf/include/Scancontext.cpp:36:1:[m[K [01;35m[Kwarning: [m[Kcontrol reaches end of non-void function [[01;35m[K-Wreturn-type[m[K]
   36 | [01;35m[K}[m[K // xy2theta
      | [01;35m[K^[m[K
[01m[K/home/vboxuser/liorf-ros2/src/liorf/src/imuPreintegration.cpp:[m[K In constructor ‘[01m[KTransformFusion::TransformFusion(const rclcpp::NodeOptions&)[m[K’:
[01m[K/home/vboxuser/liorf-ros2/src/liorf/src/imuPreintegration.cpp:62:44:[m[K [01;35m[Kwarning: [m[Kcatching polymorphic type ‘[01m[Kclass tf2::TransformException[m[K’ by value [[01;35m[K-Wcatch-value=[m[K]
   62 |             catch (tf2::TransformException [01;35m[Kex[m[K)
      |                                            [01;35m[K^~[m[K
[01m[K/home/vboxuser/liorf-ros2/src/liorf/src/mapOptmization.cpp:[m[K In member function ‘[01m[Kbool mapOptimization::saveMapService(std::shared_ptr<liorf::srv::SaveMap_Request_<std::allocator<void> > >, std::shared_ptr<liorf::srv::SaveMap_Response_<std::allocator<void> > >)[m[K’:
[01m[K/home/vboxuser/liorf-ros2/src/liorf/src/mapOptmization.cpp:396:11:[m[K [01;35m[Kwarning: [m[Kvariable ‘[01m[Kunused[m[K’ set but not used [[01;35m[K-Wunused-but-set-variable[m[K]
  396 |       int [01;35m[Kunused[m[K = system((std::string("exec rm -r ") + saveMapDirectory).c_str());
      |           [01;35m[K^~~~~~[m[K
[01m[K/home/vboxuser/liorf-ros2/src/liorf/src/mapOptmization.cpp:[m[K In member function ‘[01m[Kvoid mapOptimization::performSCLoopClosure()[m[K’:
[01m[K/home/vboxuser/liorf-ros2/src/liorf/src/mapOptmization.cpp:646:15:[m[K [01;35m[Kwarning: [m[Kunused variable ‘[01m[KyawDiffRad[m[K’ [[01;35m[K-Wunused-variable[m[K]
  646 |         float [01;35m[KyawDiffRad[m[K  = detectResult.second; // not use for v1 (because pcl icp withi initial somthing wrong...)
      |               [01;35m[K^~~~~~~~~~[m[K
[01m[K/home/vboxuser/liorf-ros2/src/liorf/src/mapOptmization.cpp:[m[K In member function ‘[01m[Kvoid mapOptimization::publishFrames()[m[K’:
[01m[K/home/vboxuser/liorf-ros2/src/liorf/src/mapOptmization.cpp:1786:20:[m[K [01;35m[Kwarning: [m[Kunused variable ‘[01m[KlastSLAMInfoPubSize[m[K’ [[01;35m[K-Wunused-variable[m[K]
 1786 |         static int [01;35m[KlastSLAMInfoPubSize[m[K = -1;
      |                    [01;35m[K^~~~~~~~~~~~~~~~~~~[m[K
[01m[Kc++:[m[K [01;31m[Kfatal error: [m[KKilled signal terminated program cc1plus
compilation terminated.
make[2]: *** [CMakeFiles/liorf_imuPreintegration.dir/build.make:63: CMakeFiles/liorf_imuPreintegration.dir/src/imuPreintegration.cpp.o] Error 1
make[1]: *** [CMakeFiles/Makefile2:127: CMakeFiles/liorf_imuPreintegration.dir/all] Error 2
make[1]: *** Waiting for unfinished jobs....
make: *** [Makefile:141: all] Error 2
