-- Found ament_cmake: 0.9.12 (/opt/ros/foxy/share/ament_cmake/cmake)
-- Found PythonInterp: /usr/bin/python3 (found suitable version "3.8.10", minimum required is "3") 
-- Using PYTHON_EXECUTABLE: /usr/bin/python3
-- Found rosidl_default_generators: 1.0.1 (/opt/ros/foxy/share/rosidl_default_generators/cmake)
-- Using all available rosidl_typesupport_c: rosidl_typesupport_fastrtps_c;rosidl_typesupport_introspection_c
-- Found rosidl_adapter: 1.3.1 (/opt/ros/foxy/share/rosidl_adapter/cmake)
-- Found OpenSSL: /usr/lib/x86_64-linux-gnu/libcrypto.so (found version "1.1.1f")  
-- Found FastRTPS: /opt/ros/foxy/include  
-- Using all available rosidl_typesupport_cpp: rosidl_typesupport_fastrtps_cpp;rosidl_typesupport_introspection_cpp
-- Found rclcpp: 2.4.3 (/opt/ros/foxy/share/rclcpp/cmake)
-- Found rmw_implementation_cmake: 1.0.4 (/opt/ros/foxy/share/rmw_implementation_cmake/cmake)
-- Using RMW implementation 'rmw_fastrtps_cpp' as default
-- Looking for pthread.h
-- Looking for pthread.h - found
-- Performing Test CMAKE_HAVE_LIBC_PTHREAD
-- Performing Test CMAKE_HAVE_LIBC_PTHREAD - Failed
-- Looking for pthread_create in pthreads
-- Looking for pthread_create in pthreads - not found
-- Looking for pthread_create in pthread
-- Looking for pthread_create in pthread - found
-- Found Threads: TRUE  
-- Found rclpy: 1.0.13 (/opt/ros/foxy/share/rclpy/cmake)
-- Found cv_bridge: 3.0.7 (/opt/ros/foxy/share/cv_bridge/cmake)
-- Found nav_msgs: 2.0.5 (/opt/ros/foxy/share/nav_msgs/cmake)
-- Found visualization_msgs: 2.0.5 (/opt/ros/foxy/share/visualization_msgs/cmake)
-- Found pcl_msgs: 1.0.0 (/opt/ros/foxy/share/pcl_msgs/cmake)
-- Found pcl_conversions: 2.2.1 (/opt/ros/foxy/share/pcl_conversions/cmake)
-- Found tf2: 0.13.14 (/opt/ros/foxy/share/tf2/cmake)
-- Found tf2_geometry_msgs: 0.13.14 (/opt/ros/foxy/share/tf2_geometry_msgs/cmake)
-- Found eigen3_cmake_module: 0.1.1 (/opt/ros/foxy/share/eigen3_cmake_module/cmake)
-- Found Eigen3: TRUE (found version "3.3.7") 
-- Found tf2_sensor_msgs: 0.13.14 (/opt/ros/foxy/share/tf2_sensor_msgs/cmake)
-- Found tf2_eigen: 0.13.14 (/opt/ros/foxy/share/tf2_eigen/cmake)
-- Found OpenCV: /usr (found version "4.2.0") 
-- Checking for module 'eigen3'
--   Found eigen3, version 3.3.7
-- Found Eigen: /usr/include/eigen3 (Required is at least version "3.1") 
-- Eigen found (include: /usr/include/eigen3, version: 3.3.7)
-- Found Boost: /usr/include (found suitable version "1.71.0", minimum required is "1.55.0") found components: system filesystem date_time iostreams regex 
-- Checking for module 'flann'
--   Found flann, version 1.9.1
-- Found FLANN: /usr/lib/x86_64-linux-gnu/libflann_cpp.so  
-- The imported target "vtkParseOGLExt" references the file
   "/usr/bin/vtkParseOGLExt-7.1"
but this file does not exist.  Possible reasons include:
* The file was deleted, renamed, or moved to another location.
* An install or uninstall procedure did not complete successfully.
* The installation package was faulty and contained
   "/usr/lib/cmake/vtk-7.1/VTKTargets.cmake"
but not all the files it references.

-- The imported target "vtkRenderingPythonTkWidgets" references the file
   "/usr/lib/x86_64-linux-gnu/libvtkRenderingPythonTkWidgets.so"
but this file does not exist.  Possible reasons include:
* The file was deleted, renamed, or moved to another location.
* An install or uninstall procedure did not complete successfully.
* The installation package was faulty and contained
   "/usr/lib/cmake/vtk-7.1/VTKTargets.cmake"
but not all the files it references.

-- The imported target "vtk" references the file
   "/usr/bin/vtk"
but this file does not exist.  Possible reasons include:
* The file was deleted, renamed, or moved to another location.
* An install or uninstall procedure did not complete successfully.
* The installation package was faulty and contained
   "/usr/lib/cmake/vtk-7.1/VTKTargets.cmake"
but not all the files it references.

-- The imported target "pvtk" references the file
   "/usr/bin/pvtk"
but this file does not exist.  Possible reasons include:
* The file was deleted, renamed, or moved to another location.
* An install or uninstall procedure did not complete successfully.
* The installation package was faulty and contained
   "/usr/lib/cmake/vtk-7.1/VTKTargets.cmake"
but not all the files it references.

-- Checking for module 'libusb-1.0'
--   No package 'libusb-1.0' found
-- Could NOT find USB_10 (missing: USB_10_LIBRARY USB_10_INCLUDE_DIR) 
-- OpenNI disabled because libusb-1.0 not found.
-- Checking for module 'libusb-1.0'
--   No package 'libusb-1.0' found
-- Could NOT find USB_10 (missing: USB_10_LIBRARY USB_10_INCLUDE_DIR) 
-- OpenNI 2 disabled because libusb-1.0 not found.
-- LIBUSB_1_LIBRARY (missing: LIBUSB_1_INCLUDE_DIR) 
-- Checking for module 'libusb-1.0'
--   No package 'libusb-1.0' found
-- Could NOT find USB_10 (missing: USB_10_LIBRARY USB_10_INCLUDE_DIR) 
-- OpenNI disabled because libusb-1.0 not found.
-- Checking for module 'libusb-1.0'
--   No package 'libusb-1.0' found
-- Could NOT find USB_10 (missing: USB_10_LIBRARY USB_10_INCLUDE_DIR) 
-- OpenNI 2 disabled because libusb-1.0 not found.
-- Found Qhull: optimized;/usr/lib/x86_64-linux-gnu/libqhull.so;debug;/usr/lib/x86_64-linux-gnu/libqhull.so  
-- QHULL found (include: /usr/include, lib: optimized;/usr/lib/x86_64-linux-gnu/libqhull.so;debug;/usr/lib/x86_64-linux-gnu/libqhull.so)
-- Checking for module 'libusb-1.0'
--   No package 'libusb-1.0' found
-- Could NOT find USB_10 (missing: USB_10_LIBRARY USB_10_INCLUDE_DIR) 
-- OpenNI disabled because libusb-1.0 not found.
-- looking for PCL_COMMON
-- Found PCL_COMMON: /usr/lib/x86_64-linux-gnu/libpcl_common.so  
-- looking for PCL_KDTREE
-- Found PCL_KDTREE: /usr/lib/x86_64-linux-gnu/libpcl_kdtree.so  
-- looking for PCL_OCTREE
-- Found PCL_OCTREE: /usr/lib/x86_64-linux-gnu/libpcl_octree.so  
-- looking for PCL_SEARCH
-- Found PCL_SEARCH: /usr/lib/x86_64-linux-gnu/libpcl_search.so  
-- looking for PCL_SAMPLE_CONSENSUS
-- Found PCL_SAMPLE_CONSENSUS: /usr/lib/x86_64-linux-gnu/libpcl_sample_consensus.so  
-- looking for PCL_FILTERS
-- Found PCL_FILTERS: /usr/lib/x86_64-linux-gnu/libpcl_filters.so  
-- looking for PCL_2D
-- Found PCL_2D: /usr/include/pcl-1.10  
-- looking for PCL_GEOMETRY
-- Found PCL_GEOMETRY: /usr/include/pcl-1.10  
-- looking for PCL_IO
-- Found PCL_IO: /usr/lib/x86_64-linux-gnu/libpcl_io.so  
-- looking for PCL_FEATURES
-- Found PCL_FEATURES: /usr/lib/x86_64-linux-gnu/libpcl_features.so  
-- looking for PCL_ML
-- Found PCL_ML: /usr/lib/x86_64-linux-gnu/libpcl_ml.so  
-- looking for PCL_SEGMENTATION
-- Found PCL_SEGMENTATION: /usr/lib/x86_64-linux-gnu/libpcl_segmentation.so  
-- looking for PCL_VISUALIZATION
-- Found PCL_VISUALIZATION: /usr/lib/x86_64-linux-gnu/libpcl_visualization.so  
-- looking for PCL_SURFACE
-- Found PCL_SURFACE: /usr/lib/x86_64-linux-gnu/libpcl_surface.so  
-- looking for PCL_REGISTRATION
-- Found PCL_REGISTRATION: /usr/lib/x86_64-linux-gnu/libpcl_registration.so  
-- looking for PCL_KEYPOINTS
-- Found PCL_KEYPOINTS: /usr/lib/x86_64-linux-gnu/libpcl_keypoints.so  
-- looking for PCL_TRACKING
-- Found PCL_TRACKING: /usr/lib/x86_64-linux-gnu/libpcl_tracking.so  
-- looking for PCL_RECOGNITION
-- Found PCL_RECOGNITION: /usr/lib/x86_64-linux-gnu/libpcl_recognition.so  
-- looking for PCL_STEREO
-- Found PCL_STEREO: /usr/lib/x86_64-linux-gnu/libpcl_stereo.so  
-- looking for PCL_APPS
-- Found PCL_APPS: /usr/lib/x86_64-linux-gnu/libpcl_apps.so  
-- looking for PCL_IN_HAND_SCANNER
-- Found PCL_IN_HAND_SCANNER: /usr/include/pcl-1.10  
-- looking for PCL_POINT_CLOUD_EDITOR
-- Found PCL_POINT_CLOUD_EDITOR: /usr/include/pcl-1.10  
-- looking for PCL_OUTOFCORE
-- Found PCL_OUTOFCORE: /usr/lib/x86_64-linux-gnu/libpcl_outofcore.so  
-- looking for PCL_PEOPLE
-- Found PCL_PEOPLE: /usr/lib/x86_64-linux-gnu/libpcl_people.so  
-- Found PCL: pcl_common;pcl_kdtree;pcl_octree;pcl_search;pcl_sample_consensus;pcl_filters;pcl_io;pcl_features;pcl_ml;pcl_segmentation;pcl_visualization;pcl_surface;pcl_registration;pcl_keypoints;pcl_tracking;pcl_recognition;pcl_stereo;pcl_apps;pcl_outofcore;pcl_people;/usr/lib/x86_64-linux-gnu/libboost_system.so;/usr/lib/x86_64-linux-gnu/libboost_filesystem.so;/usr/lib/x86_64-linux-gnu/libboost_date_time.so;/usr/lib/x86_64-linux-gnu/libboost_iostreams.so;/usr/lib/x86_64-linux-gnu/libboost_regex.so;optimized;/usr/lib/x86_64-linux-gnu/libqhull.so;debug;/usr/lib/x86_64-linux-gnu/libqhull.so;vtkChartsCore;vtkCommonColor;vtkCommonCore;vtksys;vtkCommonDataModel;vtkCommonMath;vtkCommonMisc;vtkCommonSystem;vtkCommonTransforms;vtkCommonExecutionModel;vtkFiltersGeneral;vtkCommonComputationalGeometry;vtkFiltersCore;vtkInfovisCore;vtkFiltersExtraction;vtkFiltersStatistics;vtkImagingFourier;vtkImagingCore;vtkalglib;vtkRenderingContext2D;vtkRenderingCore;vtkFiltersGeometry;vtkFiltersSources;vtkRenderingFreeType;/usr/lib/x86_64-linux-gnu/libfreetype.so;/usr/lib/x86_64-linux-gnu/libz.so;vtkFiltersModeling;vtkImagingSources;vtkInteractionStyle;vtkInteractionWidgets;vtkFiltersHybrid;vtkImagingColor;vtkImagingGeneral;vtkImagingHybrid;vtkIOImage;vtkDICOMParser;vtkmetaio;/usr/lib/x86_64-linux-gnu/libjpeg.so;/usr/lib/x86_64-linux-gnu/libpng.so;/usr/lib/x86_64-linux-gnu/libtiff.so;vtkRenderingAnnotation;vtkRenderingVolume;vtkIOXML;vtkIOCore;vtkIOXMLParser;/usr/lib/x86_64-linux-gnu/libexpat.so;vtkIOGeometry;vtkIOLegacy;vtkIOPLY;vtkRenderingLOD;vtkViewsContext2D;vtkViewsCore;vtkRenderingContextOpenGL2;vtkRenderingOpenGL2;FLANN::FLANN  
-- Found Boost: /usr/include (found suitable version "1.71.0", minimum required is "1.43") found components: serialization system filesystem thread program_options date_time timer chrono regex atomic 
-- GTSAM include directory:  /usr/lib/cmake/GTSAM/../../../include
-- Found Eigen: /usr/include/eigen3  
-- Eigen found (include: /usr/include/eigen3, version: 3.3.7)
-- Found OpenMP_C: -fopenmp (found version "4.5") 
-- Found OpenMP_CXX: -fopenmp (found version "4.5") 
-- Found OpenMP: TRUE (found version "4.5")  
-- Found Boost: /usr/include (found version "1.71.0") found components: timer chrono 
-- Found GeographicLib: /usr/lib/x86_64-linux-gnu  
-- Found PythonInterp: /usr/bin/python3 (found version "3.8.10") 
-- Found ament_cmake_ros: 0.9.2 (/opt/ros/foxy/share/ament_cmake_ros/cmake)
-- Using all available rosidl_typesupport_c: rosidl_typesupport_fastrtps_c;rosidl_typesupport_introspection_c
-- Using all available rosidl_typesupport_cpp: rosidl_typesupport_fastrtps_cpp;rosidl_typesupport_introspection_cpp
-- Found PythonInterp: /usr/bin/python3 (found suitable version "3.8.10", minimum required is "3.5") 
-- Found python_cmake_module: 0.8.1 (/opt/ros/foxy/share/python_cmake_module/cmake)
-- Found PythonLibs: /usr/lib/x86_64-linux-gnu/libpython3.8.so (found suitable version "3.8.10", minimum required is "3.5") 
-- Using PYTHON_EXECUTABLE: /usr/bin/python3
-- Using PYTHON_INCLUDE_DIRS: /usr/include/python3.8
-- Using PYTHON_LIBRARIES: /usr/lib/x86_64-linux-gnu/libpython3.8.so
-- Found PythonExtra: .so  
-- Found ament_lint_auto: 0.9.8 (/opt/ros/foxy/share/ament_lint_auto/cmake)
-- Added test 'copyright' to check source files copyright and LICENSE
-- Added test 'cppcheck' to perform static code analysis on C / C++ code
-- Configured cppcheck include dirs: /home/vboxuser/liorf-ros2/src/liorf/lib;/home/vboxuser/liorf-ros2/src/liorf/include
-- Configured cppcheck exclude dirs and/or files: 
-- Added test 'cpplint' to check C / C++ code against the Google style
-- Configured cpplint exclude dirs and/or files: 
-- Added test 'flake8' to check Python code syntax and style conventions
-- Added test 'lint_cmake' to check CMake code style
-- Added test 'pep257' to check Python code against some of the style conventions in PEP 257
-- Added test 'uncrustify' to check C / C++ code style
-- Configured uncrustify additional arguments: 
-- Added test 'xmllint' to check XML markup files
-- Configuring done
-- Generating done
-- Build files have been written to: /home/vboxuser/liorf-ros2/build/liorf
[  2%] [34m[1mGenerating C code for ROS interfaces[0m
[35m[1mScanning dependencies of target liorf__cpp[0m
[  4%] [34m[1mGenerating C++ code for ROS interfaces[0m
[  4%] Built target liorf__cpp
[35m[1mScanning dependencies of target liorf__rosidl_generator_c[0m
[  6%] [34m[1mGenerating C++ type support dispatch for ROS interfaces[0m
[ 10%] [34m[1mGenerating C++ introspection for ROS interfaces[0m
[ 10%] [34m[1mGenerating C++ type support for eProsima Fast-RTPS[0m
[ 14%] [32mBuilding C object CMakeFiles/liorf__rosidl_generator_c.dir/rosidl_generator_c/liorf/srv/detail/save_map__functions.c.o[0m
[ 12%] [32mBuilding C object CMakeFiles/liorf__rosidl_generator_c.dir/rosidl_generator_c/liorf/msg/detail/cloud_info__functions.c.o[0m
[ 16%] [32m[1mLinking C shared library libliorf__rosidl_generator_c.so[0m
[ 16%] Built target liorf__rosidl_generator_c
[ 20%] [34m[1mGenerating C introspection for ROS interfaces[0m
[ 20%] [34m[1mGenerating C type support dispatch for ROS interfaces[0m
[35m[1mScanning dependencies of target liorf__rosidl_typesupport_cpp[0m
[35m[1mScanning dependencies of target liorf__rosidl_typesupport_introspection_cpp[0m
[ 22%] [32mBuilding CXX object CMakeFiles/liorf__rosidl_typesupport_cpp.dir/rosidl_typesupport_cpp/liorf/srv/save_map__type_support.cpp.o[0m
[ 24%] [32mBuilding CXX object CMakeFiles/liorf__rosidl_typesupport_cpp.dir/rosidl_typesupport_cpp/liorf/msg/cloud_info__type_support.cpp.o[0m
[ 28%] [32mBuilding CXX object CMakeFiles/liorf__rosidl_typesupport_introspection_cpp.dir/rosidl_typesupport_introspection_cpp/liorf/msg/detail/cloud_info__type_support.cpp.o[0m
[ 28%] [32mBuilding CXX object CMakeFiles/liorf__rosidl_typesupport_introspection_cpp.dir/rosidl_typesupport_introspection_cpp/liorf/srv/detail/save_map__type_support.cpp.o[0m
[35m[1mScanning dependencies of target liorf__rosidl_typesupport_fastrtps_cpp[0m
[ 30%] [32mBuilding CXX object CMakeFiles/liorf__rosidl_typesupport_fastrtps_cpp.dir/rosidl_typesupport_fastrtps_cpp/liorf/msg/detail/dds_fastrtps/cloud_info__type_support.cpp.o[0m
[ 32%] [32mBuilding CXX object CMakeFiles/liorf__rosidl_typesupport_fastrtps_cpp.dir/rosidl_typesupport_fastrtps_cpp/liorf/srv/detail/dds_fastrtps/save_map__type_support.cpp.o[0m
[35m[1mScanning dependencies of target liorf__rosidl_typesupport_c[0m
[35m[1mScanning dependencies of target liorf__rosidl_typesupport_introspection_c[0m
[ 34%] [32mBuilding CXX object CMakeFiles/liorf__rosidl_typesupport_c.dir/rosidl_typesupport_c/liorf/srv/save_map__type_support.cpp.o[0m
[ 36%] [32mBuilding CXX object CMakeFiles/liorf__rosidl_typesupport_c.dir/rosidl_typesupport_c/liorf/msg/cloud_info__type_support.cpp.o[0m
[ 38%] [32mBuilding C object CMakeFiles/liorf__rosidl_typesupport_introspection_c.dir/rosidl_typesupport_introspection_c/liorf/srv/detail/save_map__type_support.c.o[0m
[ 40%] [32mBuilding C object CMakeFiles/liorf__rosidl_typesupport_introspection_c.dir/rosidl_typesupport_introspection_c/liorf/msg/detail/cloud_info__type_support.c.o[0m
[ 42%] [32m[1mLinking CXX shared library libliorf__rosidl_typesupport_c.so[0m
[ 44%] [32m[1mLinking CXX shared library libliorf__rosidl_typesupport_cpp.so[0m
[ 46%] [32m[1mLinking C shared library libliorf__rosidl_typesupport_introspection_c.so[0m
[ 46%] Built target liorf__rosidl_typesupport_c
[ 46%] Built target liorf__rosidl_typesupport_introspection_c
[ 46%] Built target liorf__rosidl_typesupport_cpp
[35m[1mScanning dependencies of target liorf_imageProjection[0m
[35m[1mScanning dependencies of target liorf_imuPreintegration[0m
[35m[1mScanning dependencies of target liorf_mapOptmization[0m
[ 48%] [32m[1mLinking CXX shared library libliorf__rosidl_typesupport_introspection_cpp.so[0m
[ 51%] [32m[1mLinking CXX shared library libliorf__rosidl_typesupport_fastrtps_cpp.so[0m
[ 51%] Built target liorf__rosidl_typesupport_introspection_cpp
[ 51%] Built target liorf__rosidl_typesupport_fastrtps_cpp
[ 53%] [34m[1mGenerating C type support for eProsima Fast-RTPS[0m
[ 59%] [32mBuilding CXX object CMakeFiles/liorf_imuPreintegration.dir/lib/common_lib.cpp.o[0m
[ 59%] [32mBuilding CXX object CMakeFiles/liorf_imuPreintegration.dir/src/imuPreintegration.cpp.o[0m
[ 59%] [32mBuilding CXX object CMakeFiles/liorf_imageProjection.dir/src/imageProjection.cpp.o[0m
[ 61%] [32mBuilding CXX object CMakeFiles/liorf_imageProjection.dir/lib/common_lib.cpp.o[0m
[ 63%] [32mBuilding CXX object CMakeFiles/liorf_mapOptmization.dir/lib/common_lib.cpp.o[0m
[ 65%] [32mBuilding CXX object CMakeFiles/liorf_mapOptmization.dir/include/Scancontext.cpp.o[0m
[ 67%] [32mBuilding CXX object CMakeFiles/liorf_mapOptmization.dir/src/mapOptmization.cpp.o[0m
[35m[1mScanning dependencies of target liorf__rosidl_typesupport_fastrtps_c[0m
[ 69%] [32mBuilding CXX object CMakeFiles/liorf__rosidl_typesupport_fastrtps_c.dir/rosidl_typesupport_fastrtps_c/liorf/msg/detail/cloud_info__type_support_c.cpp.o[0m
[ 71%] [32mBuilding CXX object CMakeFiles/liorf__rosidl_typesupport_fastrtps_c.dir/rosidl_typesupport_fastrtps_c/liorf/srv/detail/save_map__type_support_c.cpp.o[0m
[ 73%] [32m[1mLinking CXX shared library libliorf__rosidl_typesupport_fastrtps_c.so[0m
[ 73%] Built target liorf__rosidl_typesupport_fastrtps_c
[35m[1mScanning dependencies of target liorf[0m
[ 73%] Built target liorf
[35m[1mScanning dependencies of target liorf__py[0m
[ 75%] [34m[1mGenerating Python code for ROS interfaces[0m
[ 75%] Built target liorf__py
[35m[1mScanning dependencies of target liorf__python[0m
[ 79%] [32mBuilding C object CMakeFiles/liorf__python.dir/rosidl_generator_py/liorf/msg/_cloud_info_s.c.o[0m
[ 79%] [32mBuilding C object CMakeFiles/liorf__python.dir/rosidl_generator_py/liorf/srv/_save_map_s.c.o[0m
[ 81%] [32m[1mLinking C shared library rosidl_generator_py/liorf/libliorf__python.so[0m
[ 81%] Built target liorf__python
[35m[1mScanning dependencies of target liorf__rosidl_typesupport_c__pyext[0m
[35m[1mScanning dependencies of target liorf__rosidl_typesupport_fastrtps_c__pyext[0m
[35m[1mScanning dependencies of target liorf__rosidl_typesupport_introspection_c__pyext[0m
[ 83%] [32mBuilding C object CMakeFiles/liorf__rosidl_typesupport_c__pyext.dir/rosidl_generator_py/liorf/_liorf_s.ep.rosidl_typesupport_c.c.o[0m
[ 85%] [32mBuilding C object CMakeFiles/liorf__rosidl_typesupport_fastrtps_c__pyext.dir/rosidl_generator_py/liorf/_liorf_s.ep.rosidl_typesupport_fastrtps_c.c.o[0m
[ 87%] [32mBuilding C object CMakeFiles/liorf__rosidl_typesupport_introspection_c__pyext.dir/rosidl_generator_py/liorf/_liorf_s.ep.rosidl_typesupport_introspection_c.c.o[0m
[ 89%] [32m[1mLinking C shared library rosidl_generator_py/liorf/liorf_s__rosidl_typesupport_c.cpython-38-x86_64-linux-gnu.so[0m
[ 91%] [32m[1mLinking CXX shared library rosidl_generator_py/liorf/liorf_s__rosidl_typesupport_fastrtps_c.cpython-38-x86_64-linux-gnu.so[0m
[ 93%] [32m[1mLinking C shared library rosidl_generator_py/liorf/liorf_s__rosidl_typesupport_introspection_c.cpython-38-x86_64-linux-gnu.so[0m
[ 93%] Built target liorf__rosidl_typesupport_c__pyext
[ 93%] Built target liorf__rosidl_typesupport_introspection_c__pyext
[ 93%] Built target liorf__rosidl_typesupport_fastrtps_c__pyext
[ 95%] [32m[1mLinking CXX executable liorf_imageProjection[0m
[ 95%] Built target liorf_imageProjection
[ 97%] [32m[1mLinking CXX executable liorf_mapOptmization[0m
[ 97%] Built target liorf_mapOptmization
